2019-10-13 05:42:52 [main] INFO  c.s.keepnote.UserServiceApplication -
				Starting UserServiceApplication on ip-172-31-86-114 with PID 5823 (/home/ubuntu/Downloads/Backend/UserService/target/classes started by ubuntu in /home/ubuntu/Downloads/Backend/UserService)
2019-10-13 05:42:52 [main] DEBUG c.s.keepnote.UserServiceApplication -
				Running with Spring Boot v2.0.2.RELEASE, Spring v5.0.6.RELEASE
2019-10-13 05:42:52 [main] INFO  c.s.keepnote.UserServiceApplication -
				No active profile set, falling back to default profiles: default
2019-10-13 05:42:53 [main] INFO  o.a.catalina.core.StandardService -
				Starting service [Tomcat]
2019-10-13 05:42:53 [main] INFO  o.a.catalina.core.StandardEngine -
				Starting Servlet Engine: Apache Tomcat/8.5.31
2019-10-13 05:42:53 [localhost-startStop-1] INFO  o.a.c.core.AprLifecycleListener -
				The APR based Apache Tomcat Native library which allows optimal performance in production environments was not found on the java.library.path: [/usr/java/packages/lib/amd64:/usr/lib/x86_64-linux-gnu/jni:/lib/x86_64-linux-gnu:/usr/lib/x86_64-linux-gnu:/usr/lib/jni:/lib:/usr/lib]
2019-10-13 05:42:53 [localhost-startStop-1] INFO  o.a.c.c.C.[Tomcat].[localhost].[/] -
				Initializing Spring embedded WebApplicationContext
2019-10-13 05:42:53 [localhost-startStop-1] DEBUG c.s.keepnote.jwtfilter.JwtFilter -
				Initializing filter 'jwtFilter'
2019-10-13 05:42:53 [localhost-startStop-1] DEBUG c.s.keepnote.jwtfilter.JwtFilter -
				Filter 'jwtFilter' configured successfully
2019-10-13 05:42:54 [main] INFO  org.mongodb.driver.cluster -
				Cluster created with settings {hosts=[localhost:27017], mode=MULTIPLE, requiredClusterType=UNKNOWN, serverSelectionTimeout='30000 ms', maxWaitQueueSize=500}
2019-10-13 05:42:54 [main] INFO  org.mongodb.driver.cluster -
				Adding discovered server localhost:27017 to client view of cluster
2019-10-13 05:42:54 [cluster-ClusterId{value='5da2b95ef8a06516bf96791e', description='null'}-localhost:27017] INFO  org.mongodb.driver.connection -
				Opened connection [connectionId{localValue:1, serverValue:3}] to localhost:27017
2019-10-13 05:42:54 [cluster-ClusterId{value='5da2b95ef8a06516bf96791e', description='null'}-localhost:27017] INFO  org.mongodb.driver.cluster -
				Monitor thread successfully connected to server with description ServerDescription{address=localhost:27017, type=STANDALONE, state=CONNECTED, ok=true, version=ServerVersion{versionList=[3, 6, 2]}, minWireVersion=0, maxWireVersion=6, maxDocumentSize=16777216, logicalSessionTimeoutMinutes=30, roundTripTimeNanos=2388255}
2019-10-13 05:42:54 [cluster-ClusterId{value='5da2b95ef8a06516bf96791e', description='null'}-localhost:27017] INFO  org.mongodb.driver.cluster -
				Discovered cluster type of STANDALONE
2019-10-13 05:42:55 [main] INFO  s.d.s.w.PropertySourcedRequestMappingHandlerMapping -
				Mapped URL path [/v2/api-docs] onto method [public org.springframework.http.ResponseEntity<springfox.documentation.spring.web.json.Json> springfox.documentation.swagger2.web.Swagger2Controller.getDocumentation(java.lang.String,javax.servlet.http.HttpServletRequest)]
2019-10-13 05:42:55 [main] INFO  s.d.s.w.p.DocumentationPluginsBootstrapper -
				Context refreshed
2019-10-13 05:42:55 [main] INFO  s.d.s.w.p.DocumentationPluginsBootstrapper -
				Found 1 custom documentation plugin(s)
2019-10-13 05:42:55 [main] INFO  s.d.s.w.s.ApiListingReferenceScanner -
				Scanning for api listing references
2019-10-13 05:42:55 [main] INFO  c.s.keepnote.UserServiceApplication -
				Started UserServiceApplication in 4.071 seconds (JVM running for 5.166)
2019-10-13 10:30:50 [cluster-ClusterId{value='5da2b95ef8a06516bf96791e', description='null'}-localhost:27017] INFO  org.mongodb.driver.cluster -
				Exception in monitor thread while connecting to server localhost:27017
com.mongodb.MongoSocketReadTimeoutException: Timeout while receiving message
	at com.mongodb.connection.InternalStreamConnection.translateReadException(InternalStreamConnection.java:530)
	at com.mongodb.connection.InternalStreamConnection.receiveMessage(InternalStreamConnection.java:421)
	at com.mongodb.connection.InternalStreamConnection.receiveCommandMessageResponse(InternalStreamConnection.java:290)
	at com.mongodb.connection.InternalStreamConnection.sendAndReceive(InternalStreamConnection.java:255)
	at com.mongodb.connection.CommandHelper.sendAndReceive(CommandHelper.java:84)
	at com.mongodb.connection.CommandHelper.executeCommand(CommandHelper.java:34)
	at com.mongodb.connection.InternalStreamConnectionInitializer.initializeConnectionDescription(InternalStreamConnectionInitializer.java:91)
	at com.mongodb.connection.InternalStreamConnectionInitializer.initialize(InternalStreamConnectionInitializer.java:51)
	at com.mongodb.connection.InternalStreamConnection.open(InternalStreamConnection.java:127)
	at com.mongodb.connection.DefaultServerMonitor$ServerMonitorRunnable.run(DefaultServerMonitor.java:128)
	at java.lang.Thread.run(Thread.java:748)
Caused by: java.net.SocketTimeoutException: Read timed out
	at java.net.SocketInputStream.socketRead0(Native Method)
	at java.net.SocketInputStream.socketRead(SocketInputStream.java:116)
	at java.net.SocketInputStream.read(SocketInputStream.java:171)
	at java.net.SocketInputStream.read(SocketInputStream.java:141)
	at com.mongodb.connection.SocketStream.read(SocketStream.java:84)
	at com.mongodb.connection.InternalStreamConnection.receiveResponseBuffers(InternalStreamConnection.java:547)
	at com.mongodb.connection.InternalStreamConnection.receiveMessage(InternalStreamConnection.java:418)
	... 9 common frames omitted
2019-10-13 10:31:00 [cluster-ClusterId{value='5da2b95ef8a06516bf96791e', description='null'}-localhost:27017] INFO  org.mongodb.driver.connection -
				Opened connection [connectionId{localValue:3, serverValue:21}] to localhost:27017
2019-10-13 10:31:00 [cluster-ClusterId{value='5da2b95ef8a06516bf96791e', description='null'}-localhost:27017] INFO  org.mongodb.driver.cluster -
				Monitor thread successfully connected to server with description ServerDescription{address=localhost:27017, type=STANDALONE, state=CONNECTED, ok=true, version=ServerVersion{versionList=[3, 6, 2]}, minWireVersion=0, maxWireVersion=6, maxDocumentSize=16777216, logicalSessionTimeoutMinutes=30, roundTripTimeNanos=192364}
2019-10-13 10:38:18 [cluster-ClusterId{value='5da2b95ef8a06516bf96791e', description='null'}-localhost:27017] INFO  org.mongodb.driver.cluster -
				Exception in monitor thread while connecting to server localhost:27017
com.mongodb.MongoSocketReadTimeoutException: Timeout while receiving message
	at com.mongodb.connection.InternalStreamConnection.translateReadException(InternalStreamConnection.java:530)
	at com.mongodb.connection.InternalStreamConnection.receiveMessage(InternalStreamConnection.java:421)
	at com.mongodb.connection.InternalStreamConnection.receiveCommandMessageResponse(InternalStreamConnection.java:290)
	at com.mongodb.connection.InternalStreamConnection.sendAndReceive(InternalStreamConnection.java:255)
	at com.mongodb.connection.CommandHelper.sendAndReceive(CommandHelper.java:84)
	at com.mongodb.connection.CommandHelper.executeCommand(CommandHelper.java:34)
	at com.mongodb.connection.InternalStreamConnectionInitializer.initializeConnectionDescription(InternalStreamConnectionInitializer.java:91)
	at com.mongodb.connection.InternalStreamConnectionInitializer.initialize(InternalStreamConnectionInitializer.java:51)
	at com.mongodb.connection.InternalStreamConnection.open(InternalStreamConnection.java:127)
	at com.mongodb.connection.DefaultServerMonitor$ServerMonitorRunnable.run(DefaultServerMonitor.java:128)
	at java.lang.Thread.run(Thread.java:748)
Caused by: java.net.SocketTimeoutException: Read timed out
	at java.net.SocketInputStream.socketRead0(Native Method)
	at java.net.SocketInputStream.socketRead(SocketInputStream.java:116)
	at java.net.SocketInputStream.read(SocketInputStream.java:171)
	at java.net.SocketInputStream.read(SocketInputStream.java:141)
	at com.mongodb.connection.SocketStream.read(SocketStream.java:84)
	at com.mongodb.connection.InternalStreamConnection.receiveResponseBuffers(InternalStreamConnection.java:547)
	at com.mongodb.connection.InternalStreamConnection.receiveMessage(InternalStreamConnection.java:418)
	... 9 common frames omitted
2019-10-13 11:15:10 [cluster-ClusterId{value='5da2b95ef8a06516bf96791e', description='null'}-localhost:27017] INFO  org.mongodb.driver.cluster -
				Exception in monitor thread while connecting to server localhost:27017
com.mongodb.MongoSocketOpenException: Exception opening socket
	at com.mongodb.connection.SocketStream.open(SocketStream.java:62)
	at com.mongodb.connection.InternalStreamConnection.open(InternalStreamConnection.java:126)
	at com.mongodb.connection.DefaultServerMonitor$ServerMonitorRunnable.run(DefaultServerMonitor.java:114)
	at java.lang.Thread.run(Thread.java:748)
Caused by: java.net.SocketTimeoutException: null
	at java.net.SocksSocketImpl.remainingMillis(SocksSocketImpl.java:111)
	at java.net.SocksSocketImpl.connect(SocksSocketImpl.java:392)
	at java.net.Socket.connect(Socket.java:589)
	at com.mongodb.connection.SocketStreamHelper.initialize(SocketStreamHelper.java:59)
	at com.mongodb.connection.SocketStream.open(SocketStream.java:57)
	... 3 common frames omitted
2019-10-13 11:21:57 [cluster-ClusterId{value='5da2b95ef8a06516bf96791e', description='null'}-localhost:27017] INFO  org.mongodb.driver.cluster -
				Exception in monitor thread while connecting to server localhost:27017
com.mongodb.MongoSocketReadTimeoutException: Timeout while receiving message
	at com.mongodb.connection.InternalStreamConnection.translateReadException(InternalStreamConnection.java:530)
	at com.mongodb.connection.InternalStreamConnection.receiveMessage(InternalStreamConnection.java:421)
	at com.mongodb.connection.InternalStreamConnection.receiveCommandMessageResponse(InternalStreamConnection.java:290)
	at com.mongodb.connection.InternalStreamConnection.sendAndReceive(InternalStreamConnection.java:255)
	at com.mongodb.connection.CommandHelper.sendAndReceive(CommandHelper.java:84)
	at com.mongodb.connection.CommandHelper.executeCommand(CommandHelper.java:34)
	at com.mongodb.connection.InternalStreamConnectionInitializer.initializeConnectionDescription(InternalStreamConnectionInitializer.java:91)
	at com.mongodb.connection.InternalStreamConnectionInitializer.initialize(InternalStreamConnectionInitializer.java:51)
	at com.mongodb.connection.InternalStreamConnection.open(InternalStreamConnection.java:127)
	at com.mongodb.connection.DefaultServerMonitor$ServerMonitorRunnable.run(DefaultServerMonitor.java:114)
	at java.lang.Thread.run(Thread.java:748)
Caused by: java.net.SocketTimeoutException: Read timed out
	at java.net.SocketInputStream.socketRead0(Native Method)
	at java.net.SocketInputStream.socketRead(SocketInputStream.java:116)
	at java.net.SocketInputStream.read(SocketInputStream.java:171)
	at java.net.SocketInputStream.read(SocketInputStream.java:141)
	at com.mongodb.connection.SocketStream.read(SocketStream.java:84)
	at com.mongodb.connection.InternalStreamConnection.receiveResponseBuffers(InternalStreamConnection.java:547)
	at com.mongodb.connection.InternalStreamConnection.receiveMessage(InternalStreamConnection.java:418)
	... 9 common frames omitted
2019-10-13 11:30:29 [cluster-ClusterId{value='5da2b95ef8a06516bf96791e', description='null'}-localhost:27017] INFO  org.mongodb.driver.cluster -
				Exception in monitor thread while connecting to server localhost:27017
com.mongodb.MongoSocketOpenException: Exception opening socket
	at com.mongodb.connection.SocketStream.open(SocketStream.java:62)
	at com.mongodb.connection.InternalStreamConnection.open(InternalStreamConnection.java:126)
	at com.mongodb.connection.DefaultServerMonitor$ServerMonitorRunnable.run(DefaultServerMonitor.java:114)
	at java.lang.Thread.run(Thread.java:748)
Caused by: java.net.SocketTimeoutException: null
	at java.net.SocksSocketImpl.remainingMillis(SocksSocketImpl.java:111)
	at java.net.SocksSocketImpl.connect(SocksSocketImpl.java:392)
	at java.net.Socket.connect(Socket.java:589)
	at com.mongodb.connection.SocketStreamHelper.initialize(SocketStreamHelper.java:59)
	at com.mongodb.connection.SocketStream.open(SocketStream.java:57)
	... 3 common frames omitted
2019-10-13 11:30:49 [cluster-ClusterId{value='5da2b95ef8a06516bf96791e', description='null'}-localhost:27017] INFO  org.mongodb.driver.connection -
				Opened connection [connectionId{localValue:37, serverValue:175}] to localhost:27017
2019-10-13 11:30:49 [cluster-ClusterId{value='5da2b95ef8a06516bf96791e', description='null'}-localhost:27017] INFO  org.mongodb.driver.cluster -
				Monitor thread successfully connected to server with description ServerDescription{address=localhost:27017, type=STANDALONE, state=CONNECTED, ok=true, version=ServerVersion{versionList=[3, 6, 2]}, minWireVersion=0, maxWireVersion=6, maxDocumentSize=16777216, logicalSessionTimeoutMinutes=30, roundTripTimeNanos=188456}
2019-10-13 11:35:55 [cluster-ClusterId{value='5da2b95ef8a06516bf96791e', description='null'}-localhost:27017] INFO  org.mongodb.driver.cluster -
				Exception in monitor thread while connecting to server localhost:27017
com.mongodb.MongoSocketReadTimeoutException: Timeout while receiving message
	at com.mongodb.connection.InternalStreamConnection.translateReadException(InternalStreamConnection.java:530)
	at com.mongodb.connection.InternalStreamConnection.receiveMessage(InternalStreamConnection.java:421)
	at com.mongodb.connection.InternalStreamConnection.receiveCommandMessageResponse(InternalStreamConnection.java:290)
	at com.mongodb.connection.InternalStreamConnection.sendAndReceive(InternalStreamConnection.java:255)
	at com.mongodb.connection.CommandHelper.sendAndReceive(CommandHelper.java:84)
	at com.mongodb.connection.CommandHelper.executeCommand(CommandHelper.java:34)
	at com.mongodb.connection.InternalStreamConnectionInitializer.initializeConnectionDescription(InternalStreamConnectionInitializer.java:91)
	at com.mongodb.connection.InternalStreamConnectionInitializer.initialize(InternalStreamConnectionInitializer.java:51)
	at com.mongodb.connection.InternalStreamConnection.open(InternalStreamConnection.java:127)
	at com.mongodb.connection.DefaultServerMonitor$ServerMonitorRunnable.run(DefaultServerMonitor.java:128)
	at java.lang.Thread.run(Thread.java:748)
Caused by: java.net.SocketTimeoutException: Read timed out
	at java.net.SocketInputStream.socketRead0(Native Method)
	at java.net.SocketInputStream.socketRead(SocketInputStream.java:116)
	at java.net.SocketInputStream.read(SocketInputStream.java:171)
	at java.net.SocketInputStream.read(SocketInputStream.java:141)
	at com.mongodb.connection.SocketStream.read(SocketStream.java:84)
	at com.mongodb.connection.InternalStreamConnection.receiveResponseBuffers(InternalStreamConnection.java:547)
	at com.mongodb.connection.InternalStreamConnection.receiveMessage(InternalStreamConnection.java:418)
	... 9 common frames omitted
2019-10-13 11:42:55 [cluster-ClusterId{value='5da2b95ef8a06516bf96791e', description='null'}-localhost:27017] INFO  org.mongodb.driver.cluster -
				Exception in monitor thread while connecting to server localhost:27017
com.mongodb.MongoSocketOpenException: Exception opening socket
	at com.mongodb.connection.SocketStream.open(SocketStream.java:62)
	at com.mongodb.connection.InternalStreamConnection.open(InternalStreamConnection.java:126)
	at com.mongodb.connection.DefaultServerMonitor$ServerMonitorRunnable.run(DefaultServerMonitor.java:114)
	at java.lang.Thread.run(Thread.java:748)
Caused by: java.net.SocketTimeoutException: null
	at java.net.SocksSocketImpl.remainingMillis(SocksSocketImpl.java:111)
	at java.net.SocksSocketImpl.connect(SocksSocketImpl.java:392)
	at java.net.Socket.connect(Socket.java:589)
	at com.mongodb.connection.SocketStreamHelper.initialize(SocketStreamHelper.java:59)
	at com.mongodb.connection.SocketStream.open(SocketStream.java:57)
	... 3 common frames omitted
2019-10-13 11:53:10 [cluster-ClusterId{value='5da2b95ef8a06516bf96791e', description='null'}-localhost:27017] INFO  org.mongodb.driver.cluster -
				Exception in monitor thread while connecting to server localhost:27017
com.mongodb.MongoSocketReadTimeoutException: Timeout while receiving message
	at com.mongodb.connection.InternalStreamConnection.translateReadException(InternalStreamConnection.java:530)
	at com.mongodb.connection.InternalStreamConnection.receiveMessage(InternalStreamConnection.java:421)
	at com.mongodb.connection.InternalStreamConnection.receiveCommandMessageResponse(InternalStreamConnection.java:290)
	at com.mongodb.connection.InternalStreamConnection.sendAndReceive(InternalStreamConnection.java:255)
	at com.mongodb.connection.CommandHelper.sendAndReceive(CommandHelper.java:84)
	at com.mongodb.connection.CommandHelper.executeCommand(CommandHelper.java:34)
	at com.mongodb.connection.InternalStreamConnectionInitializer.initializeConnectionDescription(InternalStreamConnectionInitializer.java:91)
	at com.mongodb.connection.InternalStreamConnectionInitializer.initialize(InternalStreamConnectionInitializer.java:51)
	at com.mongodb.connection.InternalStreamConnection.open(InternalStreamConnection.java:127)
	at com.mongodb.connection.DefaultServerMonitor$ServerMonitorRunnable.run(DefaultServerMonitor.java:114)
	at java.lang.Thread.run(Thread.java:748)
Caused by: java.net.SocketTimeoutException: Read timed out
	at java.net.SocketInputStream.socketRead0(Native Method)
	at java.net.SocketInputStream.socketRead(SocketInputStream.java:116)
	at java.net.SocketInputStream.read(SocketInputStream.java:171)
	at java.net.SocketInputStream.read(SocketInputStream.java:141)
	at com.mongodb.connection.SocketStream.read(SocketStream.java:84)
	at com.mongodb.connection.InternalStreamConnection.receiveResponseBuffers(InternalStreamConnection.java:547)
	at com.mongodb.connection.InternalStreamConnection.receiveMessage(InternalStreamConnection.java:418)
	... 9 common frames omitted
2019-10-13 11:55:57 [cluster-ClusterId{value='5da2b95ef8a06516bf96791e', description='null'}-localhost:27017] INFO  org.mongodb.driver.connection -
				Opened connection [connectionId{localValue:44, serverValue:216}] to localhost:27017
2019-10-13 11:55:58 [cluster-ClusterId{value='5da2b95ef8a06516bf96791e', description='null'}-localhost:27017] INFO  org.mongodb.driver.cluster -
				Monitor thread successfully connected to server with description ServerDescription{address=localhost:27017, type=STANDALONE, state=CONNECTED, ok=true, version=ServerVersion{versionList=[3, 6, 2]}, minWireVersion=0, maxWireVersion=6, maxDocumentSize=16777216, logicalSessionTimeoutMinutes=30, roundTripTimeNanos=291245}
2019-10-13 11:57:30 [cluster-ClusterId{value='5da2b95ef8a06516bf96791e', description='null'}-localhost:27017] INFO  org.mongodb.driver.connection -
				Opened connection [connectionId{localValue:45, serverValue:221}] to localhost:27017
2019-10-13 11:59:36 [cluster-ClusterId{value='5da2b95ef8a06516bf96791e', description='null'}-localhost:27017] INFO  org.mongodb.driver.cluster -
				Exception in monitor thread while connecting to server localhost:27017
com.mongodb.MongoSocketReadTimeoutException: Timeout while receiving message
	at com.mongodb.connection.InternalStreamConnection.translateReadException(InternalStreamConnection.java:530)
	at com.mongodb.connection.InternalStreamConnection.receiveMessage(InternalStreamConnection.java:421)
	at com.mongodb.connection.InternalStreamConnection.receiveCommandMessageResponse(InternalStreamConnection.java:290)
	at com.mongodb.connection.InternalStreamConnection.sendAndReceive(InternalStreamConnection.java:255)
	at com.mongodb.connection.CommandHelper.sendAndReceive(CommandHelper.java:84)
	at com.mongodb.connection.CommandHelper.executeCommand(CommandHelper.java:34)
	at com.mongodb.connection.InternalStreamConnectionInitializer.initializeConnectionDescription(InternalStreamConnectionInitializer.java:91)
	at com.mongodb.connection.InternalStreamConnectionInitializer.initialize(InternalStreamConnectionInitializer.java:51)
	at com.mongodb.connection.InternalStreamConnection.open(InternalStreamConnection.java:127)
	at com.mongodb.connection.DefaultServerMonitor$ServerMonitorRunnable.run(DefaultServerMonitor.java:128)
	at java.lang.Thread.run(Thread.java:748)
Caused by: java.net.SocketTimeoutException: Read timed out
	at java.net.SocketInputStream.socketRead0(Native Method)
	at java.net.SocketInputStream.socketRead(SocketInputStream.java:116)
	at java.net.SocketInputStream.read(SocketInputStream.java:171)
	at java.net.SocketInputStream.read(SocketInputStream.java:141)
	at com.mongodb.connection.SocketStream.read(SocketStream.java:84)
	at com.mongodb.connection.InternalStreamConnection.receiveResponseBuffers(InternalStreamConnection.java:547)
	at com.mongodb.connection.InternalStreamConnection.receiveMessage(InternalStreamConnection.java:418)
	... 9 common frames omitted
2019-10-13 12:57:57 [cluster-ClusterId{value='5da2b95ef8a06516bf96791e', description='null'}-localhost:27017] INFO  org.mongodb.driver.connection -
				Opened connection [connectionId{localValue:88, serverValue:419}] to localhost:27017
2019-10-13 12:58:24 [cluster-ClusterId{value='5da2b95ef8a06516bf96791e', description='null'}-localhost:27017] INFO  org.mongodb.driver.cluster -
				Monitor thread successfully connected to server with description ServerDescription{address=localhost:27017, type=STANDALONE, state=CONNECTED, ok=true, version=ServerVersion{versionList=[3, 6, 2]}, minWireVersion=0, maxWireVersion=6, maxDocumentSize=16777216, logicalSessionTimeoutMinutes=30, roundTripTimeNanos=6737515946}
2019-10-13 13:00:25 [cluster-ClusterId{value='5da2b95ef8a06516bf96791e', description='null'}-localhost:27017] INFO  org.mongodb.driver.connection -
				Opened connection [connectionId{localValue:89, serverValue:426}] to localhost:27017
