2019-10-15 05:06:28 [main] INFO  c.s.k.t.r.CategoryRepositoryTest -
				Starting CategoryRepositoryTest on ip-172-31-92-115 with PID 7717 (started by ubuntu in /home/ubuntu/Desktop/abc/FinalDemo/Backend/CategoryService)
2019-10-15 05:06:28 [main] DEBUG c.s.k.t.r.CategoryRepositoryTest -
				Running with Spring Boot v2.0.2.RELEASE, Spring v5.0.6.RELEASE
2019-10-15 05:06:28 [main] INFO  c.s.k.t.r.CategoryRepositoryTest -
				No active profile set, falling back to default profiles: default
2019-10-15 05:06:30 [main] INFO  d.f.embed.process.runtime.Executable -
				start de.flapdoodle.embed.mongo.config.MongodConfigBuilder$ImmutableMongodConfig@2a492f2a
2019-10-15 05:06:30 [main] INFO  org.mongodb.driver.cluster -
				Cluster created with settings {hosts=[localhost:33361], mode=MULTIPLE, requiredClusterType=UNKNOWN, serverSelectionTimeout='30000 ms', maxWaitQueueSize=500}
2019-10-15 05:06:30 [main] INFO  org.mongodb.driver.cluster -
				Adding discovered server localhost:33361 to client view of cluster
2019-10-15 05:06:30 [cluster-ClusterId{value='5da553d607617b1e25acd15c', description='null'}-localhost:33361] INFO  org.mongodb.driver.connection -
				Opened connection [connectionId{localValue:1, serverValue:1}] to localhost:33361
2019-10-15 05:06:30 [cluster-ClusterId{value='5da553d607617b1e25acd15c', description='null'}-localhost:33361] INFO  org.mongodb.driver.cluster -
				Monitor thread successfully connected to server with description ServerDescription{address=localhost:33361, type=STANDALONE, state=CONNECTED, ok=true, version=ServerVersion{versionList=[3, 2, 2]}, minWireVersion=0, maxWireVersion=4, maxDocumentSize=16777216, logicalSessionTimeoutMinutes=null, roundTripTimeNanos=2872192}
2019-10-15 05:06:30 [cluster-ClusterId{value='5da553d607617b1e25acd15c', description='null'}-localhost:33361] INFO  org.mongodb.driver.cluster -
				Discovered cluster type of STANDALONE
2019-10-15 05:06:30 [main] INFO  c.s.k.t.r.CategoryRepositoryTest -
				Started CategoryRepositoryTest in 2.647 seconds (JVM running for 3.755)
2019-10-15 05:06:31 [main] INFO  org.mongodb.driver.connection -
				Opened connection [connectionId{localValue:2, serverValue:2}] to localhost:33361
2019-10-15 05:06:31 [main] INFO  c.s.keepnote.test.log.LoggerTest -
				Starting LoggerTest on ip-172-31-92-115 with PID 7717 (started by ubuntu in /home/ubuntu/Desktop/abc/FinalDemo/Backend/CategoryService)
2019-10-15 05:06:31 [main] DEBUG c.s.keepnote.test.log.LoggerTest -
				Running with Spring Boot v2.0.2.RELEASE, Spring v5.0.6.RELEASE
2019-10-15 05:06:31 [main] INFO  c.s.keepnote.test.log.LoggerTest -
				No active profile set, falling back to default profiles: default
2019-10-15 05:06:33 [main] INFO  d.f.embed.process.runtime.Executable -
				start de.flapdoodle.embed.mongo.config.MongodConfigBuilder$ImmutableMongodConfig@2b43f314
2019-10-15 05:06:33 [main] INFO  org.mongodb.driver.cluster -
				Cluster created with settings {hosts=[localhost:35067], mode=MULTIPLE, requiredClusterType=UNKNOWN, serverSelectionTimeout='30000 ms', maxWaitQueueSize=500}
2019-10-15 05:06:33 [main] INFO  org.mongodb.driver.cluster -
				Adding discovered server localhost:35067 to client view of cluster
2019-10-15 05:06:33 [cluster-ClusterId{value='5da553d907617b1e25acd15d', description='null'}-localhost:35067] INFO  org.mongodb.driver.connection -
				Opened connection [connectionId{localValue:3, serverValue:1}] to localhost:35067
2019-10-15 05:06:33 [cluster-ClusterId{value='5da553d907617b1e25acd15d', description='null'}-localhost:35067] INFO  org.mongodb.driver.cluster -
				Monitor thread successfully connected to server with description ServerDescription{address=localhost:35067, type=STANDALONE, state=CONNECTED, ok=true, version=ServerVersion{versionList=[3, 2, 2]}, minWireVersion=0, maxWireVersion=4, maxDocumentSize=16777216, logicalSessionTimeoutMinutes=null, roundTripTimeNanos=365473}
2019-10-15 05:06:33 [cluster-ClusterId{value='5da553d907617b1e25acd15d', description='null'}-localhost:35067] INFO  org.mongodb.driver.cluster -
				Discovered cluster type of STANDALONE
2019-10-15 05:06:34 [main] INFO  s.d.s.w.PropertySourcedRequestMappingHandlerMapping -
				Mapped URL path [/v2/api-docs] onto method [public org.springframework.http.ResponseEntity<springfox.documentation.spring.web.json.Json> springfox.documentation.swagger2.web.Swagger2Controller.getDocumentation(java.lang.String,javax.servlet.http.HttpServletRequest)]
2019-10-15 05:06:34 [main] INFO  s.d.s.w.p.DocumentationPluginsBootstrapper -
				Context refreshed
2019-10-15 05:06:34 [main] INFO  s.d.s.w.p.DocumentationPluginsBootstrapper -
				Found 1 custom documentation plugin(s)
2019-10-15 05:06:34 [main] INFO  s.d.s.w.s.ApiListingReferenceScanner -
				Scanning for api listing references
2019-10-15 05:06:35 [main] INFO  c.s.keepnote.test.log.LoggerTest -
				Started LoggerTest in 3.482 seconds (JVM running for 7.939)
2019-10-15 05:06:35 [main] INFO  c.s.k.t.c.CategoryControllerTest -
				Starting CategoryControllerTest on ip-172-31-92-115 with PID 7717 (started by ubuntu in /home/ubuntu/Desktop/abc/FinalDemo/Backend/CategoryService)
2019-10-15 05:06:35 [main] DEBUG c.s.k.t.c.CategoryControllerTest -
				Running with Spring Boot v2.0.2.RELEASE, Spring v5.0.6.RELEASE
2019-10-15 05:06:35 [main] INFO  c.s.k.t.c.CategoryControllerTest -
				No active profile set, falling back to default profiles: default
2019-10-15 05:06:35 [main] INFO  c.s.k.t.c.CategoryControllerTest -
				Started CategoryControllerTest in 0.421 seconds (JVM running for 8.405)
2019-10-15 05:06:36 [Thread-5] INFO  org.mongodb.driver.connection -
				Closed connection [connectionId{localValue:2, serverValue:2}] to localhost:33361 because the pool has been closed.
