2019-10-12 16:32:01 [main] INFO  c.s.k.CategoryServiceApplication -
				Starting CategoryServiceApplication on ip-172-31-86-114 with PID 3900 (/home/ubuntu/Downloads/Backend/CategoryService/target/classes started by ubuntu in /home/ubuntu/Downloads/Backend/CategoryService)
2019-10-12 16:32:01 [main] DEBUG c.s.k.CategoryServiceApplication -
				Running with Spring Boot v2.0.2.RELEASE, Spring v5.0.6.RELEASE
2019-10-12 16:32:01 [main] INFO  c.s.k.CategoryServiceApplication -
				No active profile set, falling back to default profiles: default
2019-10-12 16:32:04 [main] INFO  o.a.catalina.core.StandardService -
				Starting service [Tomcat]
2019-10-12 16:32:04 [main] INFO  o.a.catalina.core.StandardEngine -
				Starting Servlet Engine: Apache Tomcat/8.5.31
2019-10-12 16:32:04 [localhost-startStop-1] INFO  o.a.c.core.AprLifecycleListener -
				The APR based Apache Tomcat Native library which allows optimal performance in production environments was not found on the java.library.path: [/usr/java/packages/lib/amd64:/usr/lib/x86_64-linux-gnu/jni:/lib/x86_64-linux-gnu:/usr/lib/x86_64-linux-gnu:/usr/lib/jni:/lib:/usr/lib]
2019-10-12 16:32:04 [localhost-startStop-1] INFO  o.a.c.c.C.[Tomcat].[localhost].[/] -
				Initializing Spring embedded WebApplicationContext
2019-10-12 16:32:05 [main] INFO  org.mongodb.driver.cluster -
				Cluster created with settings {hosts=[localhost:27017], mode=MULTIPLE, requiredClusterType=UNKNOWN, serverSelectionTimeout='30000 ms', maxWaitQueueSize=500}
2019-10-12 16:32:05 [main] INFO  org.mongodb.driver.cluster -
				Adding discovered server localhost:27017 to client view of cluster
2019-10-12 16:32:06 [cluster-ClusterId{value='5da20005e2bda10f3cf711dc', description='null'}-localhost:27017] INFO  org.mongodb.driver.connection -
				Opened connection [connectionId{localValue:1, serverValue:2}] to localhost:27017
2019-10-12 16:32:06 [cluster-ClusterId{value='5da20005e2bda10f3cf711dc', description='null'}-localhost:27017] INFO  org.mongodb.driver.cluster -
				Monitor thread successfully connected to server with description ServerDescription{address=localhost:27017, type=STANDALONE, state=CONNECTED, ok=true, version=ServerVersion{versionList=[3, 6, 2]}, minWireVersion=0, maxWireVersion=6, maxDocumentSize=16777216, logicalSessionTimeoutMinutes=30, roundTripTimeNanos=2386762}
2019-10-12 16:32:06 [cluster-ClusterId{value='5da20005e2bda10f3cf711dc', description='null'}-localhost:27017] INFO  org.mongodb.driver.cluster -
				Discovered cluster type of STANDALONE
2019-10-12 16:32:07 [main] INFO  s.d.s.w.PropertySourcedRequestMappingHandlerMapping -
				Mapped URL path [/v2/api-docs] onto method [public org.springframework.http.ResponseEntity<springfox.documentation.spring.web.json.Json> springfox.documentation.swagger2.web.Swagger2Controller.getDocumentation(java.lang.String,javax.servlet.http.HttpServletRequest)]
2019-10-12 16:32:08 [main] INFO  s.d.s.w.p.DocumentationPluginsBootstrapper -
				Context refreshed
2019-10-12 16:32:08 [main] INFO  s.d.s.w.p.DocumentationPluginsBootstrapper -
				Found 1 custom documentation plugin(s)
2019-10-12 16:32:08 [main] INFO  s.d.s.w.s.ApiListingReferenceScanner -
				Scanning for api listing references
2019-10-12 16:32:09 [main] INFO  c.s.k.CategoryServiceApplication -
				Started CategoryServiceApplication in 8.397 seconds (JVM running for 9.78)
2019-10-12 17:03:23 [http-nio-8083-exec-1] INFO  o.a.c.c.C.[Tomcat].[localhost].[/] -
				Initializing Spring FrameworkServlet 'dispatcherServlet'
2019-10-12 17:03:23 [http-nio-8083-exec-2] DEBUG c.s.keepnote.aspectj.LoggingAspect -
				registerUser method of UserController called
2019-10-12 17:03:23 [http-nio-8083-exec-2] INFO  c.s.keepnote.aspectj.LoggingAspect -
				getCategoryByUserId before called...
2019-10-12 17:03:23 [http-nio-8083-exec-2] INFO  org.mongodb.driver.connection -
				Opened connection [connectionId{localValue:2, serverValue:8}] to localhost:27017
2019-10-12 17:03:23 [http-nio-8083-exec-2] DEBUG c.s.keepnote.aspectj.LoggingAspect -
				Method Name : getCategoryByUserId
2019-10-12 17:03:23 [http-nio-8083-exec-2] DEBUG c.s.keepnote.aspectj.LoggingAspect -
				Method Name : getCategoryByUserId
2019-10-12 17:38:56 [http-nio-8083-exec-5] DEBUG c.s.keepnote.aspectj.LoggingAspect -
				registerUser method of UserController called
2019-10-12 17:38:56 [http-nio-8083-exec-5] INFO  c.s.keepnote.aspectj.LoggingAspect -
				getCategoryByUserId before called...
2019-10-12 17:38:56 [http-nio-8083-exec-5] DEBUG c.s.keepnote.aspectj.LoggingAspect -
				Method Name : getCategoryByUserId
2019-10-12 17:38:56 [http-nio-8083-exec-5] DEBUG c.s.keepnote.aspectj.LoggingAspect -
				Method Name : getCategoryByUserId
2019-10-12 17:40:34 [http-nio-8083-exec-7] DEBUG c.s.keepnote.aspectj.LoggingAspect -
				registerUser method of UserController called
2019-10-12 17:40:34 [http-nio-8083-exec-7] INFO  c.s.keepnote.aspectj.LoggingAspect -
				getCategoryByUserId before called...
2019-10-12 17:40:34 [http-nio-8083-exec-7] DEBUG c.s.keepnote.aspectj.LoggingAspect -
				Method Name : getCategoryByUserId
2019-10-12 17:40:34 [http-nio-8083-exec-7] DEBUG c.s.keepnote.aspectj.LoggingAspect -
				Method Name : getCategoryByUserId
2019-10-12 17:42:17 [http-nio-8083-exec-9] DEBUG c.s.keepnote.aspectj.LoggingAspect -
				registerUser method of UserController called
2019-10-12 17:42:17 [http-nio-8083-exec-9] INFO  c.s.keepnote.aspectj.LoggingAspect -
				getCategoryByUserId before called...
2019-10-12 17:42:17 [http-nio-8083-exec-9] DEBUG c.s.keepnote.aspectj.LoggingAspect -
				Method Name : getCategoryByUserId
2019-10-12 17:42:17 [http-nio-8083-exec-9] DEBUG c.s.keepnote.aspectj.LoggingAspect -
				Method Name : getCategoryByUserId
2019-10-12 17:43:34 [http-nio-8083-exec-1] DEBUG c.s.keepnote.aspectj.LoggingAspect -
				registerUser method of UserController called
2019-10-12 17:43:34 [http-nio-8083-exec-1] INFO  c.s.keepnote.aspectj.LoggingAspect -
				getCategoryByUserId before called...
2019-10-12 17:43:34 [http-nio-8083-exec-1] DEBUG c.s.keepnote.aspectj.LoggingAspect -
				Method Name : getCategoryByUserId
2019-10-12 17:43:34 [http-nio-8083-exec-1] DEBUG c.s.keepnote.aspectj.LoggingAspect -
				Method Name : getCategoryByUserId
2019-10-12 18:42:05 [Thread-3] WARN  org.mongodb.driver.connection -
				Got socket exception on connection [connectionId{localValue:2, serverValue:8}] to localhost:27017. All connections to localhost:27017 will be closed.
2019-10-12 18:42:05 [cluster-ClusterId{value='5da20005e2bda10f3cf711dc', description='null'}-localhost:27017] INFO  org.mongodb.driver.cluster -
				Exception in monitor thread while connecting to server localhost:27017
com.mongodb.MongoSocketOpenException: Exception opening socket
	at com.mongodb.connection.SocketStream.open(SocketStream.java:62)
	at com.mongodb.connection.InternalStreamConnection.open(InternalStreamConnection.java:126)
	at com.mongodb.connection.DefaultServerMonitor$ServerMonitorRunnable.run(DefaultServerMonitor.java:128)
	at java.lang.Thread.run(Thread.java:748)
Caused by: java.net.ConnectException: Connection refused (Connection refused)
	at java.net.PlainSocketImpl.socketConnect(Native Method)
	at java.net.AbstractPlainSocketImpl.doConnect(AbstractPlainSocketImpl.java:350)
	at java.net.AbstractPlainSocketImpl.connectToAddress(AbstractPlainSocketImpl.java:206)
	at java.net.AbstractPlainSocketImpl.connect(AbstractPlainSocketImpl.java:188)
	at java.net.SocksSocketImpl.connect(SocksSocketImpl.java:392)
	at java.net.Socket.connect(Socket.java:589)
	at com.mongodb.connection.SocketStreamHelper.initialize(SocketStreamHelper.java:59)
	at com.mongodb.connection.SocketStream.open(SocketStream.java:57)
	... 3 common frames omitted
2019-10-12 18:42:05 [Thread-3] INFO  org.mongodb.driver.connection -
				Closed connection [connectionId{localValue:2, serverValue:8}] to localhost:27017 because there was a socket exception raised by this connection.
