2019-10-15 04:55:45 [main] INFO  c.s.k.t.r.NoteRepositoryTest -
				Starting NoteRepositoryTest on ip-172-31-92-115 with PID 7016 (started by ubuntu in /home/ubuntu/Desktop/abc/FinalDemo/Backend/NoteService)
2019-10-15 04:55:45 [main] DEBUG c.s.k.t.r.NoteRepositoryTest -
				Running with Spring Boot v2.0.2.RELEASE, Spring v5.0.6.RELEASE
2019-10-15 04:55:45 [main] INFO  c.s.k.t.r.NoteRepositoryTest -
				No active profile set, falling back to default profiles: default
2019-10-15 04:55:46 [main] INFO  d.f.e.process.runtime.ProcessControl -
				stopOrDestroyProcess: process hasn't exited 
2019-10-15 04:55:46 [main] INFO  d.f.embed.process.runtime.Executable -
				start de.flapdoodle.embed.mongo.config.MongodConfigBuilder$ImmutableMongodConfig@7fe083b1
2019-10-15 04:55:46 [main] INFO  org.mongodb.driver.cluster -
				Cluster created with settings {hosts=[localhost:39131], mode=MULTIPLE, requiredClusterType=UNKNOWN, serverSelectionTimeout='30000 ms', maxWaitQueueSize=500}
2019-10-15 04:55:46 [main] INFO  org.mongodb.driver.cluster -
				Adding discovered server localhost:39131 to client view of cluster
2019-10-15 04:55:46 [cluster-ClusterId{value='5da5515207617b1b682c9599', description='null'}-localhost:39131] INFO  org.mongodb.driver.connection -
				Opened connection [connectionId{localValue:1, serverValue:1}] to localhost:39131
2019-10-15 04:55:46 [cluster-ClusterId{value='5da5515207617b1b682c9599', description='null'}-localhost:39131] INFO  org.mongodb.driver.cluster -
				Monitor thread successfully connected to server with description ServerDescription{address=localhost:39131, type=STANDALONE, state=CONNECTED, ok=true, version=ServerVersion{versionList=[3, 2, 2]}, minWireVersion=0, maxWireVersion=4, maxDocumentSize=16777216, logicalSessionTimeoutMinutes=null, roundTripTimeNanos=2370615}
2019-10-15 04:55:46 [cluster-ClusterId{value='5da5515207617b1b682c9599', description='null'}-localhost:39131] INFO  org.mongodb.driver.cluster -
				Discovered cluster type of STANDALONE
2019-10-15 04:55:47 [main] INFO  c.s.k.t.r.NoteRepositoryTest -
				Started NoteRepositoryTest in 2.546 seconds (JVM running for 3.757)
2019-10-15 04:55:47 [main] INFO  org.mongodb.driver.connection -
				Opened connection [connectionId{localValue:2, serverValue:2}] to localhost:39131
2019-10-15 04:55:47 [main] INFO  c.s.keepnote.service.NoteService -
				Inside createNote Mumbai Indians vs RCB match scheduled  for 4 PM
2019-10-15 04:55:47 [main] INFO  c.s.keepnote.service.NoteService -
				Inside else IPL lists
2019-10-15 04:55:47 [main] INFO  c.s.keepnote.service.NoteService -
				Inside insert IPL lists
2019-10-15 04:55:47 [main] INFO  c.s.keepnote.service.NoteService -
				Inside createNote Mumbai Indians vs RCB match scheduled  for 4 PM
2019-10-15 04:55:47 [main] INFO  c.s.keepnote.service.NoteService -
				Inside else IPL lists
2019-10-15 04:55:47 [main] INFO  c.s.keepnote.test.log.LoggerTest -
				Starting LoggerTest on ip-172-31-92-115 with PID 7016 (started by ubuntu in /home/ubuntu/Desktop/abc/FinalDemo/Backend/NoteService)
2019-10-15 04:55:47 [main] DEBUG c.s.keepnote.test.log.LoggerTest -
				Running with Spring Boot v2.0.2.RELEASE, Spring v5.0.6.RELEASE
2019-10-15 04:55:47 [main] INFO  c.s.keepnote.test.log.LoggerTest -
				No active profile set, falling back to default profiles: default
2019-10-15 04:55:49 [main] INFO  d.f.embed.process.runtime.Executable -
				start de.flapdoodle.embed.mongo.config.MongodConfigBuilder$ImmutableMongodConfig@599f1b7
2019-10-15 04:55:49 [main] INFO  org.mongodb.driver.cluster -
				Cluster created with settings {hosts=[localhost:41127], mode=MULTIPLE, requiredClusterType=UNKNOWN, serverSelectionTimeout='30000 ms', maxWaitQueueSize=500}
2019-10-15 04:55:49 [main] INFO  org.mongodb.driver.cluster -
				Adding discovered server localhost:41127 to client view of cluster
2019-10-15 04:55:49 [cluster-ClusterId{value='5da5515507617b1b682c959a', description='null'}-localhost:41127] INFO  org.mongodb.driver.connection -
				Opened connection [connectionId{localValue:3, serverValue:1}] to localhost:41127
2019-10-15 04:55:49 [cluster-ClusterId{value='5da5515507617b1b682c959a', description='null'}-localhost:41127] INFO  org.mongodb.driver.cluster -
				Monitor thread successfully connected to server with description ServerDescription{address=localhost:41127, type=STANDALONE, state=CONNECTED, ok=true, version=ServerVersion{versionList=[3, 2, 2]}, minWireVersion=0, maxWireVersion=4, maxDocumentSize=16777216, logicalSessionTimeoutMinutes=null, roundTripTimeNanos=340192}
2019-10-15 04:55:49 [cluster-ClusterId{value='5da5515507617b1b682c959a', description='null'}-localhost:41127] INFO  org.mongodb.driver.cluster -
				Discovered cluster type of STANDALONE
2019-10-15 04:55:49 [main] INFO  s.d.s.w.PropertySourcedRequestMappingHandlerMapping -
				Mapped URL path [/v2/api-docs] onto method [public org.springframework.http.ResponseEntity<springfox.documentation.spring.web.json.Json> springfox.documentation.swagger2.web.Swagger2Controller.getDocumentation(java.lang.String,javax.servlet.http.HttpServletRequest)]
2019-10-15 04:55:50 [main] INFO  s.d.s.w.p.DocumentationPluginsBootstrapper -
				Context refreshed
2019-10-15 04:55:50 [main] INFO  s.d.s.w.p.DocumentationPluginsBootstrapper -
				Found 1 custom documentation plugin(s)
2019-10-15 04:55:50 [main] INFO  s.d.s.w.s.ApiListingReferenceScanner -
				Scanning for api listing references
2019-10-15 04:55:51 [main] INFO  c.s.keepnote.test.log.LoggerTest -
				Started LoggerTest in 3.333 seconds (JVM running for 7.765)
2019-10-15 04:55:51 [main] INFO  c.s.k.t.c.NoteControllerTest -
				Starting NoteControllerTest on ip-172-31-92-115 with PID 7016 (started by ubuntu in /home/ubuntu/Desktop/abc/FinalDemo/Backend/NoteService)
2019-10-15 04:55:51 [main] DEBUG c.s.k.t.c.NoteControllerTest -
				Running with Spring Boot v2.0.2.RELEASE, Spring v5.0.6.RELEASE
2019-10-15 04:55:51 [main] INFO  c.s.k.t.c.NoteControllerTest -
				No active profile set, falling back to default profiles: default
2019-10-15 04:55:51 [main] INFO  c.s.k.t.c.NoteControllerTest -
				Started NoteControllerTest in 0.677 seconds (JVM running for 8.505)
2019-10-15 04:55:52 [main] INFO  c.s.k.controller.NoteController -
				Inside getNoteByUserId Jhon123
2019-10-15 04:55:52 [main] INFO  c.s.k.controller.NoteController -
				noteList: [com.stackroute.keepnote.model.Note@48692405]
2019-10-15 04:55:52 [main] INFO  c.s.k.controller.NoteController -
				Inside delet note
2019-10-15 04:55:52 [main] INFO  c.s.k.controller.NoteController -
				Inside getNoteByUserId Jhon123
2019-10-15 04:55:52 [main] INFO  c.s.k.controller.NoteController -
				noteList: null
2019-10-15 04:55:52 [main] INFO  c.s.k.controller.NoteController -
				note inside createNote: com.stackroute.keepnote.model.Note@4946485c
2019-10-15 04:55:52 [main] INFO  c.s.k.controller.NoteController -
				Inside delet note
2019-10-15 04:55:52 [main] INFO  c.s.k.controller.NoteController -
				note inside createNote: com.stackroute.keepnote.model.Note@5896b9f5
2019-10-15 04:55:52 [Thread-6] INFO  org.mongodb.driver.connection -
				Closed connection [connectionId{localValue:2, serverValue:2}] to localhost:39131 because the pool has been closed.
