2019-10-11 10:03:04 [main] INFO  c.s.keepnote.NoteServiceApplication -
				Starting NoteServiceApplication on ip-172-31-86-114 with PID 12193 (/home/ubuntu/Downloads/Backend/NoteService/target/classes started by ubuntu in /home/ubuntu/Downloads/Backend/NoteService)
2019-10-11 10:03:04 [main] DEBUG c.s.keepnote.NoteServiceApplication -
				Running with Spring Boot v2.0.2.RELEASE, Spring v5.0.6.RELEASE
2019-10-11 10:03:04 [main] INFO  c.s.keepnote.NoteServiceApplication -
				No active profile set, falling back to default profiles: default
2019-10-11 10:03:06 [main] INFO  o.a.catalina.core.StandardService -
				Starting service [Tomcat]
2019-10-11 10:03:06 [main] INFO  o.a.catalina.core.StandardEngine -
				Starting Servlet Engine: Apache Tomcat/8.5.31
2019-10-11 10:03:06 [localhost-startStop-1] INFO  o.a.c.core.AprLifecycleListener -
				The APR based Apache Tomcat Native library which allows optimal performance in production environments was not found on the java.library.path: [/usr/java/packages/lib/amd64:/usr/lib/x86_64-linux-gnu/jni:/lib/x86_64-linux-gnu:/usr/lib/x86_64-linux-gnu:/usr/lib/jni:/lib:/usr/lib]
2019-10-11 10:03:06 [localhost-startStop-1] INFO  o.a.c.c.C.[Tomcat].[localhost].[/] -
				Initializing Spring embedded WebApplicationContext
2019-10-11 10:03:07 [main] INFO  org.mongodb.driver.cluster -
				Cluster created with settings {hosts=[localhost:27017], mode=MULTIPLE, requiredClusterType=UNKNOWN, serverSelectionTimeout='30000 ms', maxWaitQueueSize=500}
2019-10-11 10:03:07 [main] INFO  org.mongodb.driver.cluster -
				Adding discovered server localhost:27017 to client view of cluster
2019-10-11 10:03:07 [cluster-ClusterId{value='5da0535bdadd1e2fa10239b0', description='null'}-localhost:27017] INFO  org.mongodb.driver.connection -
				Opened connection [connectionId{localValue:1, serverValue:19}] to localhost:27017
2019-10-11 10:03:07 [cluster-ClusterId{value='5da0535bdadd1e2fa10239b0', description='null'}-localhost:27017] INFO  org.mongodb.driver.cluster -
				Monitor thread successfully connected to server with description ServerDescription{address=localhost:27017, type=STANDALONE, state=CONNECTED, ok=true, version=ServerVersion{versionList=[3, 6, 2]}, minWireVersion=0, maxWireVersion=6, maxDocumentSize=16777216, logicalSessionTimeoutMinutes=30, roundTripTimeNanos=2134271}
2019-10-11 10:03:07 [cluster-ClusterId{value='5da0535bdadd1e2fa10239b0', description='null'}-localhost:27017] INFO  org.mongodb.driver.cluster -
				Discovered cluster type of STANDALONE
2019-10-11 10:03:08 [main] INFO  s.d.s.w.PropertySourcedRequestMappingHandlerMapping -
				Mapped URL path [/v2/api-docs] onto method [public org.springframework.http.ResponseEntity<springfox.documentation.spring.web.json.Json> springfox.documentation.swagger2.web.Swagger2Controller.getDocumentation(java.lang.String,javax.servlet.http.HttpServletRequest)]
2019-10-11 10:03:09 [main] INFO  s.d.s.w.p.DocumentationPluginsBootstrapper -
				Context refreshed
2019-10-11 10:03:09 [main] INFO  s.d.s.w.p.DocumentationPluginsBootstrapper -
				Found 1 custom documentation plugin(s)
2019-10-11 10:03:09 [main] INFO  s.d.s.w.s.ApiListingReferenceScanner -
				Scanning for api listing references
2019-10-11 10:03:09 [main] INFO  c.s.keepnote.NoteServiceApplication -
				Started NoteServiceApplication in 6.424 seconds (JVM running for 10.014)
2019-10-11 10:03:38 [http-nio-8082-exec-1] INFO  o.a.c.c.C.[Tomcat].[localhost].[/] -
				Initializing Spring FrameworkServlet 'dispatcherServlet'
2019-10-11 10:03:38 [http-nio-8082-exec-2] DEBUG c.s.keepnote.aspectj.LoggingAspect -
				NoteController method  called
2019-10-11 10:03:38 [http-nio-8082-exec-2] INFO  c.s.keepnote.aspectj.LoggingAspect -
				getNoteByUserId before called...
2019-10-11 10:03:38 [http-nio-8082-exec-2] INFO  c.s.k.controller.NoteController -
				Inside getNoteByUserId undefined
2019-10-11 10:03:38 [http-nio-8082-exec-2] INFO  org.mongodb.driver.connection -
				Opened connection [connectionId{localValue:2, serverValue:20}] to localhost:27017
2019-10-11 10:03:38 [http-nio-8082-exec-2] DEBUG c.s.keepnote.aspectj.LoggingAspect -
				Method Name : getNoteByUserId
2019-10-11 10:03:38 [http-nio-8082-exec-2] DEBUG c.s.keepnote.aspectj.LoggingAspect -
				Method Name : getNoteByUserId
2019-10-11 10:03:38 [http-nio-8082-exec-2] DEBUG c.s.keepnote.aspectj.LoggingAspect -
				Exception : java.util.NoSuchElementException: No value present
2019-10-11 10:03:38 [http-nio-8082-exec-2] ERROR o.a.c.c.C.[.[.[.[dispatcherServlet] -
				Servlet.service() for servlet [dispatcherServlet] in context with path [] threw exception [Request processing failed; nested exception is java.util.NoSuchElementException: No value present] with root cause
java.util.NoSuchElementException: No value present
	at java.util.Optional.get(Optional.java:135)
	at com.stackroute.keepnote.service.NoteServiceImpl.getAllNoteByUserId(NoteServiceImpl.java:203)
	at com.stackroute.keepnote.controller.NoteController.getNoteByUserId(NoteController.java:153)
	at com.stackroute.keepnote.controller.NoteController$$FastClassBySpringCGLIB$$fe60d249.invoke(<generated>)
	at org.springframework.cglib.proxy.MethodProxy.invoke(MethodProxy.java:204)
	at org.springframework.aop.framework.CglibAopProxy$CglibMethodInvocation.invokeJoinpoint(CglibAopProxy.java:746)
	at org.springframework.aop.framework.ReflectiveMethodInvocation.proceed(ReflectiveMethodInvocation.java:163)
	at org.springframework.aop.framework.adapter.MethodBeforeAdviceInterceptor.invoke(MethodBeforeAdviceInterceptor.java:52)
	at org.springframework.aop.framework.ReflectiveMethodInvocation.proceed(ReflectiveMethodInvocation.java:185)
	at org.springframework.aop.framework.adapter.MethodBeforeAdviceInterceptor.invoke(MethodBeforeAdviceInterceptor.java:52)
	at org.springframework.aop.framework.ReflectiveMethodInvocation.proceed(ReflectiveMethodInvocation.java:185)
	at org.springframework.aop.aspectj.AspectJAfterAdvice.invoke(AspectJAfterAdvice.java:47)
	at org.springframework.aop.framework.ReflectiveMethodInvocation.proceed(ReflectiveMethodInvocation.java:185)
	at org.springframework.aop.framework.adapter.AfterReturningAdviceInterceptor.invoke(AfterReturningAdviceInterceptor.java:52)
	at org.springframework.aop.framework.ReflectiveMethodInvocation.proceed(ReflectiveMethodInvocation.java:185)
	at org.springframework.aop.aspectj.AspectJAfterThrowingAdvice.invoke(AspectJAfterThrowingAdvice.java:62)
	at org.springframework.aop.framework.ReflectiveMethodInvocation.proceed(ReflectiveMethodInvocation.java:185)
	at org.springframework.aop.interceptor.ExposeInvocationInterceptor.invoke(ExposeInvocationInterceptor.java:92)
	at org.springframework.aop.framework.ReflectiveMethodInvocation.proceed(ReflectiveMethodInvocation.java:185)
	at org.springframework.aop.framework.CglibAopProxy$DynamicAdvisedInterceptor.intercept(CglibAopProxy.java:688)
	at com.stackroute.keepnote.controller.NoteController$$EnhancerBySpringCGLIB$$88711bfc.getNoteByUserId(<generated>)
	at sun.reflect.NativeMethodAccessorImpl.invoke0(Native Method)
	at sun.reflect.NativeMethodAccessorImpl.invoke(NativeMethodAccessorImpl.java:62)
	at sun.reflect.DelegatingMethodAccessorImpl.invoke(DelegatingMethodAccessorImpl.java:43)
	at java.lang.reflect.Method.invoke(Method.java:498)
	at org.springframework.web.method.support.InvocableHandlerMethod.doInvoke(InvocableHandlerMethod.java:209)
	at org.springframework.web.method.support.InvocableHandlerMethod.invokeForRequest(InvocableHandlerMethod.java:136)
	at org.springframework.web.servlet.mvc.method.annotation.ServletInvocableHandlerMethod.invokeAndHandle(ServletInvocableHandlerMethod.java:102)
	at org.springframework.web.servlet.mvc.method.annotation.RequestMappingHandlerAdapter.invokeHandlerMethod(RequestMappingHandlerAdapter.java:877)
	at org.springframework.web.servlet.mvc.method.annotation.RequestMappingHandlerAdapter.handleInternal(RequestMappingHandlerAdapter.java:783)
	at org.springframework.web.servlet.mvc.method.AbstractHandlerMethodAdapter.handle(AbstractHandlerMethodAdapter.java:87)
	at org.springframework.web.servlet.DispatcherServlet.doDispatch(DispatcherServlet.java:991)
	at org.springframework.web.servlet.DispatcherServlet.doService(DispatcherServlet.java:925)
	at org.springframework.web.servlet.FrameworkServlet.processRequest(FrameworkServlet.java:974)
	at org.springframework.web.servlet.FrameworkServlet.doGet(FrameworkServlet.java:866)
	at javax.servlet.http.HttpServlet.service(HttpServlet.java:635)
	at org.springframework.web.servlet.FrameworkServlet.service(FrameworkServlet.java:851)
	at javax.servlet.http.HttpServlet.service(HttpServlet.java:742)
	at org.apache.catalina.core.ApplicationFilterChain.internalDoFilter(ApplicationFilterChain.java:231)
	at org.apache.catalina.core.ApplicationFilterChain.doFilter(ApplicationFilterChain.java:166)
	at org.apache.tomcat.websocket.server.WsFilter.doFilter(WsFilter.java:52)
	at org.apache.catalina.core.ApplicationFilterChain.internalDoFilter(ApplicationFilterChain.java:193)
	at org.apache.catalina.core.ApplicationFilterChain.doFilter(ApplicationFilterChain.java:166)
	at org.springframework.web.filter.RequestContextFilter.doFilterInternal(RequestContextFilter.java:99)
	at org.springframework.web.filter.OncePerRequestFilter.doFilter(OncePerRequestFilter.java:107)
	at org.apache.catalina.core.ApplicationFilterChain.internalDoFilter(ApplicationFilterChain.java:193)
	at org.apache.catalina.core.ApplicationFilterChain.doFilter(ApplicationFilterChain.java:166)
	at org.springframework.web.filter.HttpPutFormContentFilter.doFilterInternal(HttpPutFormContentFilter.java:109)
	at org.springframework.web.filter.OncePerRequestFilter.doFilter(OncePerRequestFilter.java:107)
	at org.apache.catalina.core.ApplicationFilterChain.internalDoFilter(ApplicationFilterChain.java:193)
	at org.apache.catalina.core.ApplicationFilterChain.doFilter(ApplicationFilterChain.java:166)
	at org.springframework.web.filter.HiddenHttpMethodFilter.doFilterInternal(HiddenHttpMethodFilter.java:81)
	at org.springframework.web.filter.OncePerRequestFilter.doFilter(OncePerRequestFilter.java:107)
	at org.apache.catalina.core.ApplicationFilterChain.internalDoFilter(ApplicationFilterChain.java:193)
	at org.apache.catalina.core.ApplicationFilterChain.doFilter(ApplicationFilterChain.java:166)
	at org.springframework.web.filter.CharacterEncodingFilter.doFilterInternal(CharacterEncodingFilter.java:200)
	at org.springframework.web.filter.OncePerRequestFilter.doFilter(OncePerRequestFilter.java:107)
	at org.apache.catalina.core.ApplicationFilterChain.internalDoFilter(ApplicationFilterChain.java:193)
	at org.apache.catalina.core.ApplicationFilterChain.doFilter(ApplicationFilterChain.java:166)
	at org.apache.catalina.core.StandardWrapperValve.invoke(StandardWrapperValve.java:198)
	at org.apache.catalina.core.StandardContextValve.invoke(StandardContextValve.java:96)
	at org.apache.catalina.authenticator.AuthenticatorBase.invoke(AuthenticatorBase.java:496)
	at org.apache.catalina.core.StandardHostValve.invoke(StandardHostValve.java:140)
	at org.apache.catalina.valves.ErrorReportValve.invoke(ErrorReportValve.java:81)
	at org.apache.catalina.core.StandardEngineValve.invoke(StandardEngineValve.java:87)
	at org.apache.catalina.connector.CoyoteAdapter.service(CoyoteAdapter.java:342)
	at org.apache.coyote.http11.Http11Processor.service(Http11Processor.java:803)
	at org.apache.coyote.AbstractProcessorLight.process(AbstractProcessorLight.java:66)
	at org.apache.coyote.AbstractProtocol$ConnectionHandler.process(AbstractProtocol.java:790)
	at org.apache.tomcat.util.net.NioEndpoint$SocketProcessor.doRun(NioEndpoint.java:1468)
	at org.apache.tomcat.util.net.SocketProcessorBase.run(SocketProcessorBase.java:49)
	at java.util.concurrent.ThreadPoolExecutor.runWorker(ThreadPoolExecutor.java:1149)
	at java.util.concurrent.ThreadPoolExecutor$Worker.run(ThreadPoolExecutor.java:624)
	at org.apache.tomcat.util.threads.TaskThread$WrappingRunnable.run(TaskThread.java:61)
	at java.lang.Thread.run(Thread.java:748)
2019-10-11 10:04:01 [http-nio-8082-exec-5] DEBUG c.s.keepnote.aspectj.LoggingAspect -
				NoteController method  called
2019-10-11 10:04:01 [http-nio-8082-exec-5] INFO  c.s.keepnote.aspectj.LoggingAspect -
				createNote before called...
2019-10-11 10:04:01 [http-nio-8082-exec-5] INFO  c.s.k.controller.NoteController -
				note inside createNote: com.stackroute.keepnote.model.Note@7b5e2888
2019-10-11 10:04:01 [http-nio-8082-exec-5] INFO  c.s.keepnote.service.NoteService -
				Inside createNote 1
2019-10-11 10:04:01 [http-nio-8082-exec-5] INFO  c.s.keepnote.service.NoteService -
				Inside else 1
2019-10-11 10:04:01 [http-nio-8082-exec-5] INFO  c.s.keepnote.service.NoteService -
				Inside insert 1
2019-10-11 10:04:01 [http-nio-8082-exec-5] DEBUG c.s.keepnote.aspectj.LoggingAspect -
				Method Name : createNote
2019-10-11 10:04:01 [http-nio-8082-exec-5] DEBUG c.s.keepnote.aspectj.LoggingAspect -
				Method Name : createNote
2019-10-11 10:04:48 [RMI TCP Connection(2)-127.0.0.1] INFO  org.mongodb.driver.connection -
				Closed connection [connectionId{localValue:2, serverValue:20}] to localhost:27017 because the pool has been closed.
