2019-10-13 07:27:24 [main] INFO  c.s.k.t.r.NoteRepositoryTest -
				Starting NoteRepositoryTest on ip-172-31-86-114 with PID 12086 (started by ubuntu in /home/ubuntu/Downloads/Backend/NoteService)
2019-10-13 07:27:24 [main] DEBUG c.s.k.t.r.NoteRepositoryTest -
				Running with Spring Boot v2.0.2.RELEASE, Spring v5.0.6.RELEASE
2019-10-13 07:27:24 [main] INFO  c.s.k.t.r.NoteRepositoryTest -
				No active profile set, falling back to default profiles: default
2019-10-13 07:27:26 [main] INFO  d.f.e.process.runtime.ProcessControl -
				stopOrDestroyProcess: process hasn't exited 
2019-10-13 07:27:26 [main] INFO  d.f.embed.process.runtime.Executable -
				start de.flapdoodle.embed.mongo.config.MongodConfigBuilder$ImmutableMongodConfig@2d72f75e
2019-10-13 07:27:26 [main] INFO  org.mongodb.driver.cluster -
				Cluster created with settings {hosts=[localhost:35359], mode=MULTIPLE, requiredClusterType=UNKNOWN, serverSelectionTimeout='30000 ms', maxWaitQueueSize=500}
2019-10-13 07:27:26 [main] INFO  org.mongodb.driver.cluster -
				Adding discovered server localhost:35359 to client view of cluster
2019-10-13 07:27:26 [cluster-ClusterId{value='5da2d1def8a0652f36f9f6e5', description='null'}-localhost:35359] INFO  org.mongodb.driver.connection -
				Opened connection [connectionId{localValue:1, serverValue:1}] to localhost:35359
2019-10-13 07:27:26 [cluster-ClusterId{value='5da2d1def8a0652f36f9f6e5', description='null'}-localhost:35359] INFO  org.mongodb.driver.cluster -
				Monitor thread successfully connected to server with description ServerDescription{address=localhost:35359, type=STANDALONE, state=CONNECTED, ok=true, version=ServerVersion{versionList=[3, 2, 2]}, minWireVersion=0, maxWireVersion=4, maxDocumentSize=16777216, logicalSessionTimeoutMinutes=null, roundTripTimeNanos=1024237}
2019-10-13 07:27:26 [cluster-ClusterId{value='5da2d1def8a0652f36f9f6e5', description='null'}-localhost:35359] INFO  org.mongodb.driver.cluster -
				Discovered cluster type of STANDALONE
2019-10-13 07:27:27 [main] INFO  c.s.k.t.r.NoteRepositoryTest -
				Started NoteRepositoryTest in 2.767 seconds (JVM running for 3.974)
2019-10-13 07:27:27 [main] INFO  org.mongodb.driver.connection -
				Opened connection [connectionId{localValue:2, serverValue:2}] to localhost:35359
2019-10-13 07:27:28 [main] INFO  c.s.keepnote.service.NoteService -
				Inside createNote Mumbai Indians vs RCB match scheduled  for 4 PM
2019-10-13 07:27:28 [main] INFO  c.s.keepnote.service.NoteService -
				Inside else IPL lists
2019-10-13 07:27:28 [main] INFO  c.s.keepnote.service.NoteService -
				Inside insert IPL lists
2019-10-13 07:27:28 [main] INFO  c.s.keepnote.service.NoteService -
				Inside createNote Mumbai Indians vs RCB match scheduled  for 4 PM
2019-10-13 07:27:28 [main] INFO  c.s.keepnote.service.NoteService -
				Inside else IPL lists
2019-10-13 07:27:28 [main] INFO  c.s.keepnote.test.log.LoggerTest -
				Starting LoggerTest on ip-172-31-86-114 with PID 12086 (started by ubuntu in /home/ubuntu/Downloads/Backend/NoteService)
2019-10-13 07:27:28 [main] DEBUG c.s.keepnote.test.log.LoggerTest -
				Running with Spring Boot v2.0.2.RELEASE, Spring v5.0.6.RELEASE
2019-10-13 07:27:28 [main] INFO  c.s.keepnote.test.log.LoggerTest -
				No active profile set, falling back to default profiles: default
2019-10-13 07:27:30 [main] INFO  d.f.embed.process.runtime.Executable -
				start de.flapdoodle.embed.mongo.config.MongodConfigBuilder$ImmutableMongodConfig@5785e813
2019-10-13 07:27:30 [main] INFO  org.mongodb.driver.cluster -
				Cluster created with settings {hosts=[localhost:40093], mode=MULTIPLE, requiredClusterType=UNKNOWN, serverSelectionTimeout='30000 ms', maxWaitQueueSize=500}
2019-10-13 07:27:30 [main] INFO  org.mongodb.driver.cluster -
				Adding discovered server localhost:40093 to client view of cluster
2019-10-13 07:27:30 [cluster-ClusterId{value='5da2d1e2f8a0652f36f9f6e6', description='null'}-localhost:40093] INFO  org.mongodb.driver.connection -
				Opened connection [connectionId{localValue:3, serverValue:1}] to localhost:40093
2019-10-13 07:27:30 [cluster-ClusterId{value='5da2d1e2f8a0652f36f9f6e6', description='null'}-localhost:40093] INFO  org.mongodb.driver.cluster -
				Monitor thread successfully connected to server with description ServerDescription{address=localhost:40093, type=STANDALONE, state=CONNECTED, ok=true, version=ServerVersion{versionList=[3, 2, 2]}, minWireVersion=0, maxWireVersion=4, maxDocumentSize=16777216, logicalSessionTimeoutMinutes=null, roundTripTimeNanos=369540}
2019-10-13 07:27:30 [cluster-ClusterId{value='5da2d1e2f8a0652f36f9f6e6', description='null'}-localhost:40093] INFO  org.mongodb.driver.cluster -
				Discovered cluster type of STANDALONE
2019-10-13 07:27:30 [main] INFO  s.d.s.w.PropertySourcedRequestMappingHandlerMapping -
				Mapped URL path [/v2/api-docs] onto method [public org.springframework.http.ResponseEntity<springfox.documentation.spring.web.json.Json> springfox.documentation.swagger2.web.Swagger2Controller.getDocumentation(java.lang.String,javax.servlet.http.HttpServletRequest)]
2019-10-13 07:27:31 [main] INFO  s.d.s.w.p.DocumentationPluginsBootstrapper -
				Context refreshed
2019-10-13 07:27:31 [main] INFO  s.d.s.w.p.DocumentationPluginsBootstrapper -
				Found 1 custom documentation plugin(s)
2019-10-13 07:27:31 [main] INFO  s.d.s.w.s.ApiListingReferenceScanner -
				Scanning for api listing references
2019-10-13 07:27:31 [main] INFO  c.s.keepnote.test.log.LoggerTest -
				Started LoggerTest in 3.007 seconds (JVM running for 8.475)
2019-10-13 07:27:31 [main] INFO  c.s.k.t.c.NoteControllerTest -
				Starting NoteControllerTest on ip-172-31-86-114 with PID 12086 (started by ubuntu in /home/ubuntu/Downloads/Backend/NoteService)
2019-10-13 07:27:31 [main] DEBUG c.s.k.t.c.NoteControllerTest -
				Running with Spring Boot v2.0.2.RELEASE, Spring v5.0.6.RELEASE
2019-10-13 07:27:31 [main] INFO  c.s.k.t.c.NoteControllerTest -
				No active profile set, falling back to default profiles: default
2019-10-13 07:27:32 [main] INFO  c.s.k.t.c.NoteControllerTest -
				Started NoteControllerTest in 0.717 seconds (JVM running for 9.239)
2019-10-13 07:27:32 [main] INFO  c.s.k.controller.NoteController -
				Inside getNoteByUserId Jhon123
2019-10-13 07:27:32 [main] INFO  c.s.k.controller.NoteController -
				noteList: [com.stackroute.keepnote.model.Note@10f8e2d2]
2019-10-13 07:27:32 [main] INFO  c.s.k.controller.NoteController -
				Inside delet note
2019-10-13 07:27:32 [main] INFO  c.s.k.controller.NoteController -
				Inside getNoteByUserId Jhon123
2019-10-13 07:27:32 [main] INFO  c.s.k.controller.NoteController -
				noteList: null
2019-10-13 07:27:33 [main] INFO  c.s.k.controller.NoteController -
				Inside delet note
2019-10-13 07:27:33 [Thread-6] INFO  org.mongodb.driver.connection -
				Closed connection [connectionId{localValue:2, serverValue:2}] to localhost:35359 because the pool has been closed.
