2019-10-13 07:52:18 [background-preinit] DEBUG o.h.v.m.ResourceBundleMessageInterpolator -
				Loaded expression factory via original TCCL
2019-10-13 07:52:18 [main] INFO  c.s.k.t.r.NoteRepositoryTest -
				Starting NoteRepositoryTest on ip-172-31-86-114 with PID 13816 (started by ubuntu in /home/ubuntu/Downloads/Backend/NoteService)
2019-10-13 07:52:18 [main] DEBUG c.s.k.t.r.NoteRepositoryTest -
				Running with Spring Boot v2.0.2.RELEASE, Spring v5.0.6.RELEASE
2019-10-13 07:52:18 [main] INFO  c.s.k.t.r.NoteRepositoryTest -
				No active profile set, falling back to default profiles: default
2019-10-13 07:52:19 [main] INFO  d.f.e.process.runtime.ProcessControl -
				stopOrDestroyProcess: process hasn't exited 
2019-10-13 07:52:19 [main] INFO  d.f.embed.process.runtime.Executable -
				start de.flapdoodle.embed.mongo.config.MongodConfigBuilder$ImmutableMongodConfig@22c01ab0
2019-10-13 07:52:20 [main] INFO  org.mongodb.driver.cluster -
				Cluster created with settings {hosts=[localhost:34917], mode=MULTIPLE, requiredClusterType=UNKNOWN, serverSelectionTimeout='30000 ms', maxWaitQueueSize=500}
2019-10-13 07:52:20 [main] INFO  org.mongodb.driver.cluster -
				Adding discovered server localhost:34917 to client view of cluster
2019-10-13 07:52:20 [cluster-ClusterId{value='5da2d7b4f8a06535f883ee0b', description='null'}-localhost:34917] INFO  org.mongodb.driver.connection -
				Opened connection [connectionId{localValue:1, serverValue:1}] to localhost:34917
2019-10-13 07:52:20 [cluster-ClusterId{value='5da2d7b4f8a06535f883ee0b', description='null'}-localhost:34917] INFO  org.mongodb.driver.cluster -
				Monitor thread successfully connected to server with description ServerDescription{address=localhost:34917, type=STANDALONE, state=CONNECTED, ok=true, version=ServerVersion{versionList=[3, 2, 2]}, minWireVersion=0, maxWireVersion=4, maxDocumentSize=16777216, logicalSessionTimeoutMinutes=null, roundTripTimeNanos=3023863}
2019-10-13 07:52:20 [cluster-ClusterId{value='5da2d7b4f8a06535f883ee0b', description='null'}-localhost:34917] INFO  org.mongodb.driver.cluster -
				Discovered cluster type of STANDALONE
2019-10-13 07:52:20 [main] INFO  c.s.k.t.r.NoteRepositoryTest -
				Started NoteRepositoryTest in 2.483 seconds (JVM running for 3.595)
2019-10-13 07:52:20 [main] INFO  org.mongodb.driver.connection -
				Opened connection [connectionId{localValue:2, serverValue:2}] to localhost:34917
2019-10-13 07:52:21 [main] INFO  c.s.keepnote.service.NoteService -
				Inside createNote Mumbai Indians vs RCB match scheduled  for 4 PM
2019-10-13 07:52:21 [main] INFO  c.s.keepnote.service.NoteService -
				Inside else IPL lists
2019-10-13 07:52:21 [main] INFO  c.s.keepnote.service.NoteService -
				Inside insert IPL lists
2019-10-13 07:52:21 [main] INFO  c.s.keepnote.service.NoteService -
				Inside createNote Mumbai Indians vs RCB match scheduled  for 4 PM
2019-10-13 07:52:21 [main] INFO  c.s.keepnote.service.NoteService -
				Inside else IPL lists
2019-10-13 07:52:21 [main] INFO  c.s.keepnote.test.log.LoggerTest -
				Starting LoggerTest on ip-172-31-86-114 with PID 13816 (started by ubuntu in /home/ubuntu/Downloads/Backend/NoteService)
2019-10-13 07:52:21 [main] DEBUG c.s.keepnote.test.log.LoggerTest -
				Running with Spring Boot v2.0.2.RELEASE, Spring v5.0.6.RELEASE
2019-10-13 07:52:21 [main] INFO  c.s.keepnote.test.log.LoggerTest -
				No active profile set, falling back to default profiles: default
2019-10-13 07:52:24 [main] INFO  d.f.embed.process.runtime.Executable -
				start de.flapdoodle.embed.mongo.config.MongodConfigBuilder$ImmutableMongodConfig@63e5b8aa
2019-10-13 07:52:24 [main] INFO  org.mongodb.driver.cluster -
				Cluster created with settings {hosts=[localhost:44061], mode=MULTIPLE, requiredClusterType=UNKNOWN, serverSelectionTimeout='30000 ms', maxWaitQueueSize=500}
2019-10-13 07:52:24 [main] INFO  org.mongodb.driver.cluster -
				Adding discovered server localhost:44061 to client view of cluster
2019-10-13 07:52:24 [cluster-ClusterId{value='5da2d7b8f8a06535f883ee0c', description='null'}-localhost:44061] INFO  org.mongodb.driver.connection -
				Opened connection [connectionId{localValue:3, serverValue:1}] to localhost:44061
2019-10-13 07:52:24 [cluster-ClusterId{value='5da2d7b8f8a06535f883ee0c', description='null'}-localhost:44061] INFO  org.mongodb.driver.cluster -
				Monitor thread successfully connected to server with description ServerDescription{address=localhost:44061, type=STANDALONE, state=CONNECTED, ok=true, version=ServerVersion{versionList=[3, 2, 2]}, minWireVersion=0, maxWireVersion=4, maxDocumentSize=16777216, logicalSessionTimeoutMinutes=null, roundTripTimeNanos=2225240}
2019-10-13 07:52:24 [cluster-ClusterId{value='5da2d7b8f8a06535f883ee0c', description='null'}-localhost:44061] INFO  org.mongodb.driver.cluster -
				Discovered cluster type of STANDALONE
2019-10-13 07:52:25 [main] INFO  s.d.s.w.PropertySourcedRequestMappingHandlerMapping -
				Mapped URL path [/v2/api-docs] onto method [public org.springframework.http.ResponseEntity<springfox.documentation.spring.web.json.Json> springfox.documentation.swagger2.web.Swagger2Controller.getDocumentation(java.lang.String,javax.servlet.http.HttpServletRequest)]
2019-10-13 07:52:25 [main] INFO  s.d.s.w.p.DocumentationPluginsBootstrapper -
				Context refreshed
2019-10-13 07:52:26 [main] INFO  s.d.s.w.p.DocumentationPluginsBootstrapper -
				Found 1 custom documentation plugin(s)
2019-10-13 07:52:26 [main] INFO  s.d.s.w.s.ApiListingReferenceScanner -
				Scanning for api listing references
2019-10-13 07:52:26 [main] INFO  c.s.keepnote.test.log.LoggerTest -
				Started LoggerTest in 4.866 seconds (JVM running for 9.241)
2019-10-13 07:52:26 [main] INFO  c.s.k.t.c.NoteControllerTest -
				Starting NoteControllerTest on ip-172-31-86-114 with PID 13816 (started by ubuntu in /home/ubuntu/Downloads/Backend/NoteService)
2019-10-13 07:52:26 [main] DEBUG c.s.k.t.c.NoteControllerTest -
				Running with Spring Boot v2.0.2.RELEASE, Spring v5.0.6.RELEASE
2019-10-13 07:52:26 [main] INFO  c.s.k.t.c.NoteControllerTest -
				No active profile set, falling back to default profiles: default
2019-10-13 07:52:27 [main] INFO  c.s.k.t.c.NoteControllerTest -
				Started NoteControllerTest in 0.67 seconds (JVM running for 9.963)
2019-10-13 07:52:27 [main] INFO  c.s.k.controller.NoteController -
				Inside getNoteByUserId Jhon123
2019-10-13 07:52:27 [main] INFO  c.s.k.controller.NoteController -
				noteList: [com.stackroute.keepnote.model.Note@e7e455d]
2019-10-13 07:52:27 [main] INFO  c.s.k.controller.NoteController -
				Inside delet note
2019-10-13 07:52:27 [main] INFO  c.s.k.controller.NoteController -
				Inside getNoteByUserId Jhon123
2019-10-13 07:52:27 [main] INFO  c.s.k.controller.NoteController -
				noteList: null
2019-10-13 07:52:27 [main] INFO  c.s.k.controller.NoteController -
				note inside createNote: com.stackroute.keepnote.model.Note@290807e5
2019-10-13 07:52:27 [main] INFO  c.s.k.controller.NoteController -
				Inside delet note
2019-10-13 07:52:27 [main] INFO  c.s.k.controller.NoteController -
				note inside createNote: com.stackroute.keepnote.model.Note@24068086
2019-10-13 07:52:27 [Thread-6] INFO  org.mongodb.driver.connection -
				Closed connection [connectionId{localValue:2, serverValue:2}] to localhost:34917 because the pool has been closed.
