2019-10-15 10:41:14 [main] INFO  c.s.keepnote.NoteServiceApplication -
				Starting NoteServiceApplication on ip-172-31-92-115 with PID 10049 (/home/ubuntu/Desktop/abc/FinalDemo/Backend/NoteService/target/classes started by ubuntu in /home/ubuntu/Desktop/abc/FinalDemo/Backend/NoteService)
2019-10-15 10:41:14 [main] DEBUG c.s.keepnote.NoteServiceApplication -
				Running with Spring Boot v2.0.2.RELEASE, Spring v5.0.6.RELEASE
2019-10-15 10:41:14 [main] INFO  c.s.keepnote.NoteServiceApplication -
				No active profile set, falling back to default profiles: default
2019-10-15 10:41:16 [main] INFO  o.a.catalina.core.StandardService -
				Starting service [Tomcat]
2019-10-15 10:41:16 [main] INFO  o.a.catalina.core.StandardEngine -
				Starting Servlet Engine: Apache Tomcat/8.5.31
2019-10-15 10:41:16 [localhost-startStop-1] INFO  o.a.c.core.AprLifecycleListener -
				The APR based Apache Tomcat Native library which allows optimal performance in production environments was not found on the java.library.path: [/usr/java/packages/lib/amd64:/usr/lib/x86_64-linux-gnu/jni:/lib/x86_64-linux-gnu:/usr/lib/x86_64-linux-gnu:/usr/lib/jni:/lib:/usr/lib]
2019-10-15 10:41:16 [localhost-startStop-1] INFO  o.a.c.c.C.[Tomcat].[localhost].[/] -
				Initializing Spring embedded WebApplicationContext
2019-10-15 10:41:17 [main] INFO  org.mongodb.driver.cluster -
				Cluster created with settings {hosts=[localhost:27017], mode=MULTIPLE, requiredClusterType=UNKNOWN, serverSelectionTimeout='30000 ms', maxWaitQueueSize=500}
2019-10-15 10:41:17 [main] INFO  org.mongodb.driver.cluster -
				Adding discovered server localhost:27017 to client view of cluster
2019-10-15 10:41:17 [cluster-ClusterId{value='5da5a24dc1912f274107f48b', description='null'}-localhost:27017] INFO  org.mongodb.driver.connection -
				Opened connection [connectionId{localValue:1, serverValue:5}] to localhost:27017
2019-10-15 10:41:17 [cluster-ClusterId{value='5da5a24dc1912f274107f48b', description='null'}-localhost:27017] INFO  org.mongodb.driver.cluster -
				Monitor thread successfully connected to server with description ServerDescription{address=localhost:27017, type=STANDALONE, state=CONNECTED, ok=true, version=ServerVersion{versionList=[3, 6, 2]}, minWireVersion=0, maxWireVersion=6, maxDocumentSize=16777216, logicalSessionTimeoutMinutes=30, roundTripTimeNanos=2542006}
2019-10-15 10:41:17 [cluster-ClusterId{value='5da5a24dc1912f274107f48b', description='null'}-localhost:27017] INFO  org.mongodb.driver.cluster -
				Discovered cluster type of STANDALONE
2019-10-15 10:41:17 [main] INFO  s.d.s.w.PropertySourcedRequestMappingHandlerMapping -
				Mapped URL path [/v2/api-docs] onto method [public org.springframework.http.ResponseEntity<springfox.documentation.spring.web.json.Json> springfox.documentation.swagger2.web.Swagger2Controller.getDocumentation(java.lang.String,javax.servlet.http.HttpServletRequest)]
2019-10-15 10:41:18 [main] INFO  s.d.s.w.p.DocumentationPluginsBootstrapper -
				Context refreshed
2019-10-15 10:41:18 [main] INFO  s.d.s.w.p.DocumentationPluginsBootstrapper -
				Found 1 custom documentation plugin(s)
2019-10-15 10:41:18 [main] INFO  s.d.s.w.s.ApiListingReferenceScanner -
				Scanning for api listing references
2019-10-15 10:41:18 [main] INFO  c.s.keepnote.NoteServiceApplication -
				Started NoteServiceApplication in 4.072 seconds (JVM running for 4.684)
2019-10-15 10:44:35 [http-nio-8082-exec-1] INFO  o.a.c.c.C.[Tomcat].[localhost].[/] -
				Initializing Spring FrameworkServlet 'dispatcherServlet'
2019-10-15 10:44:35 [http-nio-8082-exec-2] DEBUG c.s.keepnote.aspectj.LoggingAspect -
				NoteController method  called
2019-10-15 10:44:35 [http-nio-8082-exec-2] INFO  c.s.keepnote.aspectj.LoggingAspect -
				getNoteByUserId before called...
2019-10-15 10:44:35 [http-nio-8082-exec-2] INFO  c.s.k.controller.NoteController -
				Inside getNoteByUserId surendra
2019-10-15 10:44:35 [http-nio-8082-exec-2] INFO  org.mongodb.driver.connection -
				Opened connection [connectionId{localValue:2, serverValue:7}] to localhost:27017
2019-10-15 10:44:35 [http-nio-8082-exec-2] DEBUG c.s.keepnote.aspectj.LoggingAspect -
				Method Name : getNoteByUserId
2019-10-15 10:44:35 [http-nio-8082-exec-2] DEBUG c.s.keepnote.aspectj.LoggingAspect -
				Method Name : getNoteByUserId
2019-10-15 10:44:35 [http-nio-8082-exec-2] DEBUG c.s.keepnote.aspectj.LoggingAspect -
				Exception : java.util.NoSuchElementException: No value present
2019-10-15 10:44:35 [http-nio-8082-exec-2] ERROR o.a.c.c.C.[.[.[.[dispatcherServlet] -
				Servlet.service() for servlet [dispatcherServlet] in context with path [] threw exception [Request processing failed; nested exception is java.util.NoSuchElementException: No value present] with root cause
java.util.NoSuchElementException: No value present
	at java.util.Optional.get(Optional.java:135)
	at com.stackroute.keepnote.service.NoteServiceImpl.getAllNoteByUserId(NoteServiceImpl.java:206)
	at com.stackroute.keepnote.controller.NoteController.getNoteByUserId(NoteController.java:156)
	at com.stackroute.keepnote.controller.NoteController$$FastClassBySpringCGLIB$$fe60d249.invoke(<generated>)
	at org.springframework.cglib.proxy.MethodProxy.invoke(MethodProxy.java:204)
	at org.springframework.aop.framework.CglibAopProxy$CglibMethodInvocation.invokeJoinpoint(CglibAopProxy.java:746)
	at org.springframework.aop.framework.ReflectiveMethodInvocation.proceed(ReflectiveMethodInvocation.java:163)
	at org.springframework.aop.framework.adapter.MethodBeforeAdviceInterceptor.invoke(MethodBeforeAdviceInterceptor.java:52)
	at org.springframework.aop.framework.ReflectiveMethodInvocation.proceed(ReflectiveMethodInvocation.java:185)
	at org.springframework.aop.framework.adapter.MethodBeforeAdviceInterceptor.invoke(MethodBeforeAdviceInterceptor.java:52)
	at org.springframework.aop.framework.ReflectiveMethodInvocation.proceed(ReflectiveMethodInvocation.java:185)
	at org.springframework.aop.aspectj.AspectJAfterAdvice.invoke(AspectJAfterAdvice.java:47)
	at org.springframework.aop.framework.ReflectiveMethodInvocation.proceed(ReflectiveMethodInvocation.java:185)
	at org.springframework.aop.framework.adapter.AfterReturningAdviceInterceptor.invoke(AfterReturningAdviceInterceptor.java:52)
	at org.springframework.aop.framework.ReflectiveMethodInvocation.proceed(ReflectiveMethodInvocation.java:185)
	at org.springframework.aop.aspectj.AspectJAfterThrowingAdvice.invoke(AspectJAfterThrowingAdvice.java:62)
	at org.springframework.aop.framework.ReflectiveMethodInvocation.proceed(ReflectiveMethodInvocation.java:185)
	at org.springframework.aop.interceptor.ExposeInvocationInterceptor.invoke(ExposeInvocationInterceptor.java:92)
	at org.springframework.aop.framework.ReflectiveMethodInvocation.proceed(ReflectiveMethodInvocation.java:185)
	at org.springframework.aop.framework.CglibAopProxy$DynamicAdvisedInterceptor.intercept(CglibAopProxy.java:688)
	at com.stackroute.keepnote.controller.NoteController$$EnhancerBySpringCGLIB$$88711bfc.getNoteByUserId(<generated>)
	at sun.reflect.NativeMethodAccessorImpl.invoke0(Native Method)
	at sun.reflect.NativeMethodAccessorImpl.invoke(NativeMethodAccessorImpl.java:62)
	at sun.reflect.DelegatingMethodAccessorImpl.invoke(DelegatingMethodAccessorImpl.java:43)
	at java.lang.reflect.Method.invoke(Method.java:498)
	at org.springframework.web.method.support.InvocableHandlerMethod.doInvoke(InvocableHandlerMethod.java:209)
	at org.springframework.web.method.support.InvocableHandlerMethod.invokeForRequest(InvocableHandlerMethod.java:136)
	at org.springframework.web.servlet.mvc.method.annotation.ServletInvocableHandlerMethod.invokeAndHandle(ServletInvocableHandlerMethod.java:102)
	at org.springframework.web.servlet.mvc.method.annotation.RequestMappingHandlerAdapter.invokeHandlerMethod(RequestMappingHandlerAdapter.java:877)
	at org.springframework.web.servlet.mvc.method.annotation.RequestMappingHandlerAdapter.handleInternal(RequestMappingHandlerAdapter.java:783)
	at org.springframework.web.servlet.mvc.method.AbstractHandlerMethodAdapter.handle(AbstractHandlerMethodAdapter.java:87)
	at org.springframework.web.servlet.DispatcherServlet.doDispatch(DispatcherServlet.java:991)
	at org.springframework.web.servlet.DispatcherServlet.doService(DispatcherServlet.java:925)
	at org.springframework.web.servlet.FrameworkServlet.processRequest(FrameworkServlet.java:974)
	at org.springframework.web.servlet.FrameworkServlet.doGet(FrameworkServlet.java:866)
	at javax.servlet.http.HttpServlet.service(HttpServlet.java:635)
	at org.springframework.web.servlet.FrameworkServlet.service(FrameworkServlet.java:851)
	at javax.servlet.http.HttpServlet.service(HttpServlet.java:742)
	at org.apache.catalina.core.ApplicationFilterChain.internalDoFilter(ApplicationFilterChain.java:231)
	at org.apache.catalina.core.ApplicationFilterChain.doFilter(ApplicationFilterChain.java:166)
	at org.apache.tomcat.websocket.server.WsFilter.doFilter(WsFilter.java:52)
	at org.apache.catalina.core.ApplicationFilterChain.internalDoFilter(ApplicationFilterChain.java:193)
	at org.apache.catalina.core.ApplicationFilterChain.doFilter(ApplicationFilterChain.java:166)
	at org.springframework.web.filter.RequestContextFilter.doFilterInternal(RequestContextFilter.java:99)
	at org.springframework.web.filter.OncePerRequestFilter.doFilter(OncePerRequestFilter.java:107)
	at org.apache.catalina.core.ApplicationFilterChain.internalDoFilter(ApplicationFilterChain.java:193)
	at org.apache.catalina.core.ApplicationFilterChain.doFilter(ApplicationFilterChain.java:166)
	at org.springframework.web.filter.HttpPutFormContentFilter.doFilterInternal(HttpPutFormContentFilter.java:109)
	at org.springframework.web.filter.OncePerRequestFilter.doFilter(OncePerRequestFilter.java:107)
	at org.apache.catalina.core.ApplicationFilterChain.internalDoFilter(ApplicationFilterChain.java:193)
	at org.apache.catalina.core.ApplicationFilterChain.doFilter(ApplicationFilterChain.java:166)
	at org.springframework.web.filter.HiddenHttpMethodFilter.doFilterInternal(HiddenHttpMethodFilter.java:81)
	at org.springframework.web.filter.OncePerRequestFilter.doFilter(OncePerRequestFilter.java:107)
	at org.apache.catalina.core.ApplicationFilterChain.internalDoFilter(ApplicationFilterChain.java:193)
	at org.apache.catalina.core.ApplicationFilterChain.doFilter(ApplicationFilterChain.java:166)
	at org.springframework.web.filter.CharacterEncodingFilter.doFilterInternal(CharacterEncodingFilter.java:200)
	at org.springframework.web.filter.OncePerRequestFilter.doFilter(OncePerRequestFilter.java:107)
	at org.apache.catalina.core.ApplicationFilterChain.internalDoFilter(ApplicationFilterChain.java:193)
	at org.apache.catalina.core.ApplicationFilterChain.doFilter(ApplicationFilterChain.java:166)
	at org.apache.catalina.core.StandardWrapperValve.invoke(StandardWrapperValve.java:198)
	at org.apache.catalina.core.StandardContextValve.invoke(StandardContextValve.java:96)
	at org.apache.catalina.authenticator.AuthenticatorBase.invoke(AuthenticatorBase.java:496)
	at org.apache.catalina.core.StandardHostValve.invoke(StandardHostValve.java:140)
	at org.apache.catalina.valves.ErrorReportValve.invoke(ErrorReportValve.java:81)
	at org.apache.catalina.core.StandardEngineValve.invoke(StandardEngineValve.java:87)
	at org.apache.catalina.connector.CoyoteAdapter.service(CoyoteAdapter.java:342)
	at org.apache.coyote.http11.Http11Processor.service(Http11Processor.java:803)
	at org.apache.coyote.AbstractProcessorLight.process(AbstractProcessorLight.java:66)
	at org.apache.coyote.AbstractProtocol$ConnectionHandler.process(AbstractProtocol.java:790)
	at org.apache.tomcat.util.net.NioEndpoint$SocketProcessor.doRun(NioEndpoint.java:1468)
	at org.apache.tomcat.util.net.SocketProcessorBase.run(SocketProcessorBase.java:49)
	at java.util.concurrent.ThreadPoolExecutor.runWorker(ThreadPoolExecutor.java:1149)
	at java.util.concurrent.ThreadPoolExecutor$Worker.run(ThreadPoolExecutor.java:624)
	at org.apache.tomcat.util.threads.TaskThread$WrappingRunnable.run(TaskThread.java:61)
	at java.lang.Thread.run(Thread.java:748)
2019-10-15 10:47:06 [http-nio-8082-exec-4] DEBUG c.s.keepnote.aspectj.LoggingAspect -
				NoteController method  called
2019-10-15 10:47:06 [http-nio-8082-exec-4] INFO  c.s.keepnote.aspectj.LoggingAspect -
				createNote before called...
2019-10-15 10:47:06 [http-nio-8082-exec-4] INFO  c.s.k.controller.NoteController -
				note inside createNote: com.stackroute.keepnote.model.Note@3dfe71f6
2019-10-15 10:47:06 [http-nio-8082-exec-4] INFO  c.s.keepnote.service.NoteService -
				Inside createNote javaFull
2019-10-15 10:47:06 [http-nio-8082-exec-4] INFO  c.s.keepnote.service.NoteService -
				Inside else java
2019-10-15 10:47:06 [http-nio-8082-exec-4] INFO  c.s.keepnote.service.NoteService -
				Inside insert java
2019-10-15 10:47:06 [http-nio-8082-exec-4] DEBUG c.s.keepnote.aspectj.LoggingAspect -
				Method Name : createNote
2019-10-15 10:47:06 [http-nio-8082-exec-4] DEBUG c.s.keepnote.aspectj.LoggingAspect -
				Method Name : createNote
2019-10-15 10:47:15 [http-nio-8082-exec-5] DEBUG c.s.keepnote.aspectj.LoggingAspect -
				NoteController method  called
2019-10-15 10:47:15 [http-nio-8082-exec-5] INFO  c.s.keepnote.aspectj.LoggingAspect -
				getNoteByUserId before called...
2019-10-15 10:47:15 [http-nio-8082-exec-5] INFO  c.s.k.controller.NoteController -
				Inside getNoteByUserId surendra
2019-10-15 10:47:15 [http-nio-8082-exec-5] INFO  c.s.k.controller.NoteController -
				noteList: [com.stackroute.keepnote.model.Note@3a6dcb2]
2019-10-15 10:47:15 [http-nio-8082-exec-5] DEBUG c.s.keepnote.aspectj.LoggingAspect -
				Method Name : getNoteByUserId
2019-10-15 10:47:15 [http-nio-8082-exec-5] DEBUG c.s.keepnote.aspectj.LoggingAspect -
				Method Name : getNoteByUserId
2019-10-15 10:47:42 [http-nio-8082-exec-8] DEBUG c.s.keepnote.aspectj.LoggingAspect -
				NoteController method  called
2019-10-15 10:47:42 [http-nio-8082-exec-8] INFO  c.s.keepnote.aspectj.LoggingAspect -
				updateNote before called...
2019-10-15 10:47:42 [http-nio-8082-exec-8] DEBUG c.s.keepnote.aspectj.LoggingAspect -
				Method Name : updateNote
2019-10-15 10:47:42 [http-nio-8082-exec-8] DEBUG c.s.keepnote.aspectj.LoggingAspect -
				Method Name : updateNote
2019-10-15 10:48:13 [http-nio-8082-exec-6] DEBUG c.s.keepnote.aspectj.LoggingAspect -
				NoteController method  called
2019-10-15 10:48:13 [http-nio-8082-exec-6] INFO  c.s.keepnote.aspectj.LoggingAspect -
				updateNote before called...
2019-10-15 10:48:13 [http-nio-8082-exec-6] DEBUG c.s.keepnote.aspectj.LoggingAspect -
				Method Name : updateNote
2019-10-15 10:48:13 [http-nio-8082-exec-6] DEBUG c.s.keepnote.aspectj.LoggingAspect -
				Method Name : updateNote
2019-10-15 10:51:49 [http-nio-8082-exec-10] DEBUG c.s.keepnote.aspectj.LoggingAspect -
				NoteController method  called
2019-10-15 10:51:49 [http-nio-8082-exec-10] INFO  c.s.keepnote.aspectj.LoggingAspect -
				getNoteByUserId before called...
2019-10-15 10:51:49 [http-nio-8082-exec-10] INFO  c.s.k.controller.NoteController -
				Inside getNoteByUserId surendra
2019-10-15 10:51:49 [http-nio-8082-exec-10] INFO  c.s.k.controller.NoteController -
				noteList: [com.stackroute.keepnote.model.Note@31f41259]
2019-10-15 10:51:49 [http-nio-8082-exec-10] DEBUG c.s.keepnote.aspectj.LoggingAspect -
				Method Name : getNoteByUserId
2019-10-15 10:51:49 [http-nio-8082-exec-10] DEBUG c.s.keepnote.aspectj.LoggingAspect -
				Method Name : getNoteByUserId
2019-10-15 10:53:23 [http-nio-8082-exec-3] DEBUG c.s.keepnote.aspectj.LoggingAspect -
				NoteController method  called
2019-10-15 10:53:23 [http-nio-8082-exec-3] INFO  c.s.keepnote.aspectj.LoggingAspect -
				getNoteByUserId before called...
2019-10-15 10:53:23 [http-nio-8082-exec-3] INFO  c.s.k.controller.NoteController -
				Inside getNoteByUserId surendra
2019-10-15 10:53:23 [http-nio-8082-exec-3] INFO  c.s.k.controller.NoteController -
				noteList: [com.stackroute.keepnote.model.Note@78fa4762]
2019-10-15 10:53:23 [http-nio-8082-exec-3] DEBUG c.s.keepnote.aspectj.LoggingAspect -
				Method Name : getNoteByUserId
2019-10-15 10:53:23 [http-nio-8082-exec-3] DEBUG c.s.keepnote.aspectj.LoggingAspect -
				Method Name : getNoteByUserId
2019-10-15 10:54:44 [http-nio-8082-exec-5] DEBUG c.s.keepnote.aspectj.LoggingAspect -
				NoteController method  called
2019-10-15 10:54:44 [http-nio-8082-exec-5] INFO  c.s.keepnote.aspectj.LoggingAspect -
				getNoteByUserId before called...
2019-10-15 10:54:44 [http-nio-8082-exec-5] INFO  c.s.k.controller.NoteController -
				Inside getNoteByUserId surendra
2019-10-15 10:54:44 [http-nio-8082-exec-5] INFO  c.s.k.controller.NoteController -
				noteList: [com.stackroute.keepnote.model.Note@675e6250]
2019-10-15 10:54:44 [http-nio-8082-exec-5] DEBUG c.s.keepnote.aspectj.LoggingAspect -
				Method Name : getNoteByUserId
2019-10-15 10:54:44 [http-nio-8082-exec-5] DEBUG c.s.keepnote.aspectj.LoggingAspect -
				Method Name : getNoteByUserId
2019-10-15 10:54:56 [http-nio-8082-exec-7] DEBUG c.s.keepnote.aspectj.LoggingAspect -
				NoteController method  called
2019-10-15 10:54:56 [http-nio-8082-exec-7] INFO  c.s.keepnote.aspectj.LoggingAspect -
				getNoteByUserId before called...
2019-10-15 10:54:56 [http-nio-8082-exec-7] INFO  c.s.k.controller.NoteController -
				Inside getNoteByUserId surendra
2019-10-15 10:54:56 [http-nio-8082-exec-7] INFO  c.s.k.controller.NoteController -
				noteList: [com.stackroute.keepnote.model.Note@3262a37a]
2019-10-15 10:54:56 [http-nio-8082-exec-7] DEBUG c.s.keepnote.aspectj.LoggingAspect -
				Method Name : getNoteByUserId
2019-10-15 10:54:56 [http-nio-8082-exec-7] DEBUG c.s.keepnote.aspectj.LoggingAspect -
				Method Name : getNoteByUserId
2019-10-15 10:56:35 [http-nio-8082-exec-6] DEBUG c.s.keepnote.aspectj.LoggingAspect -
				NoteController method  called
2019-10-15 10:56:35 [http-nio-8082-exec-6] INFO  c.s.keepnote.aspectj.LoggingAspect -
				getNoteByUserId before called...
2019-10-15 10:56:35 [http-nio-8082-exec-6] INFO  c.s.k.controller.NoteController -
				Inside getNoteByUserId surendra
2019-10-15 10:56:35 [http-nio-8082-exec-6] INFO  c.s.k.controller.NoteController -
				noteList: [com.stackroute.keepnote.model.Note@386d39f1]
2019-10-15 10:56:35 [http-nio-8082-exec-6] DEBUG c.s.keepnote.aspectj.LoggingAspect -
				Method Name : getNoteByUserId
2019-10-15 10:56:35 [http-nio-8082-exec-6] DEBUG c.s.keepnote.aspectj.LoggingAspect -
				Method Name : getNoteByUserId
2019-10-15 10:56:48 [http-nio-8082-exec-9] DEBUG c.s.keepnote.aspectj.LoggingAspect -
				NoteController method  called
2019-10-15 10:56:48 [http-nio-8082-exec-9] INFO  c.s.keepnote.aspectj.LoggingAspect -
				getNoteByUserId before called...
2019-10-15 10:56:48 [http-nio-8082-exec-9] INFO  c.s.k.controller.NoteController -
				Inside getNoteByUserId surendra
2019-10-15 10:56:48 [http-nio-8082-exec-9] INFO  c.s.k.controller.NoteController -
				noteList: [com.stackroute.keepnote.model.Note@3f9926e2]
2019-10-15 10:56:48 [http-nio-8082-exec-9] DEBUG c.s.keepnote.aspectj.LoggingAspect -
				Method Name : getNoteByUserId
2019-10-15 10:56:48 [http-nio-8082-exec-9] DEBUG c.s.keepnote.aspectj.LoggingAspect -
				Method Name : getNoteByUserId
2019-10-15 11:00:10 [http-nio-8082-exec-1] DEBUG c.s.keepnote.aspectj.LoggingAspect -
				NoteController method  called
2019-10-15 11:00:10 [http-nio-8082-exec-1] INFO  c.s.keepnote.aspectj.LoggingAspect -
				getNoteByUserId before called...
2019-10-15 11:00:10 [http-nio-8082-exec-1] INFO  c.s.k.controller.NoteController -
				Inside getNoteByUserId surendra
2019-10-15 11:00:10 [http-nio-8082-exec-1] INFO  c.s.k.controller.NoteController -
				noteList: [com.stackroute.keepnote.model.Note@32550aa]
2019-10-15 11:00:10 [http-nio-8082-exec-1] DEBUG c.s.keepnote.aspectj.LoggingAspect -
				Method Name : getNoteByUserId
2019-10-15 11:00:10 [http-nio-8082-exec-1] DEBUG c.s.keepnote.aspectj.LoggingAspect -
				Method Name : getNoteByUserId
2019-10-15 11:00:20 [http-nio-8082-exec-2] DEBUG c.s.keepnote.aspectj.LoggingAspect -
				NoteController method  called
2019-10-15 11:00:20 [http-nio-8082-exec-2] INFO  c.s.keepnote.aspectj.LoggingAspect -
				getNoteByUserId before called...
2019-10-15 11:00:20 [http-nio-8082-exec-2] INFO  c.s.k.controller.NoteController -
				Inside getNoteByUserId surendra
2019-10-15 11:00:20 [http-nio-8082-exec-2] INFO  c.s.k.controller.NoteController -
				noteList: [com.stackroute.keepnote.model.Note@13cee0e4]
2019-10-15 11:00:20 [http-nio-8082-exec-2] DEBUG c.s.keepnote.aspectj.LoggingAspect -
				Method Name : getNoteByUserId
2019-10-15 11:00:20 [http-nio-8082-exec-2] DEBUG c.s.keepnote.aspectj.LoggingAspect -
				Method Name : getNoteByUserId
2019-10-15 11:01:16 [http-nio-8082-exec-3] DEBUG c.s.keepnote.aspectj.LoggingAspect -
				NoteController method  called
2019-10-15 11:01:16 [http-nio-8082-exec-3] INFO  c.s.keepnote.aspectj.LoggingAspect -
				getNoteByUserId before called...
2019-10-15 11:01:16 [http-nio-8082-exec-3] INFO  c.s.k.controller.NoteController -
				Inside getNoteByUserId surendra
2019-10-15 11:01:16 [http-nio-8082-exec-3] INFO  c.s.k.controller.NoteController -
				noteList: [com.stackroute.keepnote.model.Note@7cc5cca5]
2019-10-15 11:01:16 [http-nio-8082-exec-3] DEBUG c.s.keepnote.aspectj.LoggingAspect -
				Method Name : getNoteByUserId
2019-10-15 11:01:16 [http-nio-8082-exec-3] DEBUG c.s.keepnote.aspectj.LoggingAspect -
				Method Name : getNoteByUserId
2019-10-15 11:06:54 [http-nio-8082-exec-5] DEBUG c.s.keepnote.aspectj.LoggingAspect -
				NoteController method  called
2019-10-15 11:06:54 [http-nio-8082-exec-5] INFO  c.s.keepnote.aspectj.LoggingAspect -
				getNoteByUserId before called...
2019-10-15 11:06:54 [http-nio-8082-exec-5] INFO  c.s.k.controller.NoteController -
				Inside getNoteByUserId surendra
2019-10-15 11:06:54 [http-nio-8082-exec-5] INFO  c.s.k.controller.NoteController -
				noteList: [com.stackroute.keepnote.model.Note@19ffd249]
2019-10-15 11:06:54 [http-nio-8082-exec-5] DEBUG c.s.keepnote.aspectj.LoggingAspect -
				Method Name : getNoteByUserId
2019-10-15 11:06:54 [http-nio-8082-exec-5] DEBUG c.s.keepnote.aspectj.LoggingAspect -
				Method Name : getNoteByUserId
2019-10-15 11:07:11 [http-nio-8082-exec-7] DEBUG c.s.keepnote.aspectj.LoggingAspect -
				NoteController method  called
2019-10-15 11:07:12 [http-nio-8082-exec-7] INFO  c.s.keepnote.aspectj.LoggingAspect -
				getNoteByUserId before called...
2019-10-15 11:07:12 [http-nio-8082-exec-7] INFO  c.s.k.controller.NoteController -
				Inside getNoteByUserId surendra
2019-10-15 11:07:12 [http-nio-8082-exec-7] INFO  c.s.k.controller.NoteController -
				noteList: [com.stackroute.keepnote.model.Note@7d98417d]
2019-10-15 11:07:12 [http-nio-8082-exec-7] DEBUG c.s.keepnote.aspectj.LoggingAspect -
				Method Name : getNoteByUserId
2019-10-15 11:07:12 [http-nio-8082-exec-7] DEBUG c.s.keepnote.aspectj.LoggingAspect -
				Method Name : getNoteByUserId
2019-10-15 11:09:00 [http-nio-8082-exec-6] DEBUG c.s.keepnote.aspectj.LoggingAspect -
				NoteController method  called
2019-10-15 11:09:00 [http-nio-8082-exec-6] INFO  c.s.keepnote.aspectj.LoggingAspect -
				getNoteByUserId before called...
2019-10-15 11:09:00 [http-nio-8082-exec-6] INFO  c.s.k.controller.NoteController -
				Inside getNoteByUserId surendra
2019-10-15 11:09:00 [http-nio-8082-exec-6] INFO  c.s.k.controller.NoteController -
				noteList: [com.stackroute.keepnote.model.Note@795033ca]
2019-10-15 11:09:00 [http-nio-8082-exec-6] DEBUG c.s.keepnote.aspectj.LoggingAspect -
				Method Name : getNoteByUserId
2019-10-15 11:09:00 [http-nio-8082-exec-6] DEBUG c.s.keepnote.aspectj.LoggingAspect -
				Method Name : getNoteByUserId
2019-10-15 11:11:39 [http-nio-8082-exec-10] DEBUG c.s.keepnote.aspectj.LoggingAspect -
				NoteController method  called
2019-10-15 11:11:39 [http-nio-8082-exec-10] INFO  c.s.keepnote.aspectj.LoggingAspect -
				getNoteByUserId before called...
2019-10-15 11:11:39 [http-nio-8082-exec-10] INFO  c.s.k.controller.NoteController -
				Inside getNoteByUserId surendra
2019-10-15 11:11:39 [http-nio-8082-exec-10] INFO  c.s.k.controller.NoteController -
				noteList: [com.stackroute.keepnote.model.Note@3f33ea17]
2019-10-15 11:11:39 [http-nio-8082-exec-10] DEBUG c.s.keepnote.aspectj.LoggingAspect -
				Method Name : getNoteByUserId
2019-10-15 11:11:39 [http-nio-8082-exec-10] DEBUG c.s.keepnote.aspectj.LoggingAspect -
				Method Name : getNoteByUserId
2019-10-15 11:11:43 [http-nio-8082-exec-1] DEBUG c.s.keepnote.aspectj.LoggingAspect -
				NoteController method  called
2019-10-15 11:11:43 [http-nio-8082-exec-1] INFO  c.s.keepnote.aspectj.LoggingAspect -
				getNoteByUserId before called...
2019-10-15 11:11:43 [http-nio-8082-exec-1] INFO  c.s.k.controller.NoteController -
				Inside getNoteByUserId surendra
2019-10-15 11:11:43 [http-nio-8082-exec-1] INFO  c.s.k.controller.NoteController -
				noteList: [com.stackroute.keepnote.model.Note@19446d8b]
2019-10-15 11:11:43 [http-nio-8082-exec-1] DEBUG c.s.keepnote.aspectj.LoggingAspect -
				Method Name : getNoteByUserId
2019-10-15 11:11:43 [http-nio-8082-exec-1] DEBUG c.s.keepnote.aspectj.LoggingAspect -
				Method Name : getNoteByUserId
2019-10-15 11:12:11 [http-nio-8082-exec-2] DEBUG c.s.keepnote.aspectj.LoggingAspect -
				NoteController method  called
2019-10-15 11:12:11 [http-nio-8082-exec-2] INFO  c.s.keepnote.aspectj.LoggingAspect -
				getNoteByUserId before called...
2019-10-15 11:12:11 [http-nio-8082-exec-2] INFO  c.s.k.controller.NoteController -
				Inside getNoteByUserId surendra
2019-10-15 11:12:11 [http-nio-8082-exec-2] INFO  c.s.k.controller.NoteController -
				noteList: [com.stackroute.keepnote.model.Note@213bbc86]
2019-10-15 11:12:11 [http-nio-8082-exec-2] DEBUG c.s.keepnote.aspectj.LoggingAspect -
				Method Name : getNoteByUserId
2019-10-15 11:12:11 [http-nio-8082-exec-2] DEBUG c.s.keepnote.aspectj.LoggingAspect -
				Method Name : getNoteByUserId
2019-10-15 11:12:34 [http-nio-8082-exec-3] DEBUG c.s.keepnote.aspectj.LoggingAspect -
				NoteController method  called
2019-10-15 11:12:34 [http-nio-8082-exec-3] INFO  c.s.keepnote.aspectj.LoggingAspect -
				getNoteByUserId before called...
2019-10-15 11:12:34 [http-nio-8082-exec-3] INFO  c.s.k.controller.NoteController -
				Inside getNoteByUserId surendra
2019-10-15 11:12:34 [http-nio-8082-exec-3] INFO  c.s.k.controller.NoteController -
				noteList: [com.stackroute.keepnote.model.Note@39c74d59]
2019-10-15 11:12:34 [http-nio-8082-exec-3] DEBUG c.s.keepnote.aspectj.LoggingAspect -
				Method Name : getNoteByUserId
2019-10-15 11:12:34 [http-nio-8082-exec-3] DEBUG c.s.keepnote.aspectj.LoggingAspect -
				Method Name : getNoteByUserId
2019-10-15 11:13:00 [http-nio-8082-exec-4] DEBUG c.s.keepnote.aspectj.LoggingAspect -
				NoteController method  called
2019-10-15 11:13:00 [http-nio-8082-exec-4] INFO  c.s.keepnote.aspectj.LoggingAspect -
				getNoteByUserId before called...
2019-10-15 11:13:00 [http-nio-8082-exec-4] INFO  c.s.k.controller.NoteController -
				Inside getNoteByUserId surendra
2019-10-15 11:13:00 [http-nio-8082-exec-4] INFO  c.s.k.controller.NoteController -
				noteList: [com.stackroute.keepnote.model.Note@1faf0c69]
2019-10-15 11:13:00 [http-nio-8082-exec-4] DEBUG c.s.keepnote.aspectj.LoggingAspect -
				Method Name : getNoteByUserId
2019-10-15 11:13:00 [http-nio-8082-exec-4] DEBUG c.s.keepnote.aspectj.LoggingAspect -
				Method Name : getNoteByUserId
2019-10-15 11:15:24 [http-nio-8082-exec-7] DEBUG c.s.keepnote.aspectj.LoggingAspect -
				NoteController method  called
2019-10-15 11:15:24 [http-nio-8082-exec-7] INFO  c.s.keepnote.aspectj.LoggingAspect -
				getNoteByUserId before called...
2019-10-15 11:15:24 [http-nio-8082-exec-7] INFO  c.s.k.controller.NoteController -
				Inside getNoteByUserId surendra
2019-10-15 11:15:24 [http-nio-8082-exec-7] INFO  c.s.k.controller.NoteController -
				noteList: [com.stackroute.keepnote.model.Note@4cafdbb2]
2019-10-15 11:15:24 [http-nio-8082-exec-7] DEBUG c.s.keepnote.aspectj.LoggingAspect -
				Method Name : getNoteByUserId
2019-10-15 11:15:24 [http-nio-8082-exec-7] DEBUG c.s.keepnote.aspectj.LoggingAspect -
				Method Name : getNoteByUserId
2019-10-15 11:16:15 [http-nio-8082-exec-8] DEBUG c.s.keepnote.aspectj.LoggingAspect -
				NoteController method  called
2019-10-15 11:16:15 [http-nio-8082-exec-8] INFO  c.s.keepnote.aspectj.LoggingAspect -
				getNoteByUserId before called...
2019-10-15 11:16:15 [http-nio-8082-exec-8] INFO  c.s.k.controller.NoteController -
				Inside getNoteByUserId surendra
2019-10-15 11:16:15 [http-nio-8082-exec-8] INFO  c.s.k.controller.NoteController -
				noteList: [com.stackroute.keepnote.model.Note@7cf280dc]
2019-10-15 11:16:15 [http-nio-8082-exec-8] DEBUG c.s.keepnote.aspectj.LoggingAspect -
				Method Name : getNoteByUserId
2019-10-15 11:16:15 [http-nio-8082-exec-8] DEBUG c.s.keepnote.aspectj.LoggingAspect -
				Method Name : getNoteByUserId
2019-10-15 11:16:41 [http-nio-8082-exec-6] DEBUG c.s.keepnote.aspectj.LoggingAspect -
				NoteController method  called
2019-10-15 11:16:41 [http-nio-8082-exec-6] INFO  c.s.keepnote.aspectj.LoggingAspect -
				getNoteByUserId before called...
2019-10-15 11:16:41 [http-nio-8082-exec-6] INFO  c.s.k.controller.NoteController -
				Inside getNoteByUserId surendra
2019-10-15 11:16:41 [http-nio-8082-exec-6] INFO  c.s.k.controller.NoteController -
				noteList: [com.stackroute.keepnote.model.Note@5c976676]
2019-10-15 11:16:41 [http-nio-8082-exec-6] DEBUG c.s.keepnote.aspectj.LoggingAspect -
				Method Name : getNoteByUserId
2019-10-15 11:16:41 [http-nio-8082-exec-6] DEBUG c.s.keepnote.aspectj.LoggingAspect -
				Method Name : getNoteByUserId
2019-10-15 11:17:04 [http-nio-8082-exec-9] DEBUG c.s.keepnote.aspectj.LoggingAspect -
				NoteController method  called
2019-10-15 11:17:04 [http-nio-8082-exec-9] INFO  c.s.keepnote.aspectj.LoggingAspect -
				getNoteByUserId before called...
2019-10-15 11:17:04 [http-nio-8082-exec-9] INFO  c.s.k.controller.NoteController -
				Inside getNoteByUserId surendra
2019-10-15 11:17:04 [http-nio-8082-exec-9] INFO  c.s.k.controller.NoteController -
				noteList: [com.stackroute.keepnote.model.Note@104c3a15]
2019-10-15 11:17:04 [http-nio-8082-exec-9] DEBUG c.s.keepnote.aspectj.LoggingAspect -
				Method Name : getNoteByUserId
2019-10-15 11:17:04 [http-nio-8082-exec-9] DEBUG c.s.keepnote.aspectj.LoggingAspect -
				Method Name : getNoteByUserId
2019-10-15 11:17:12 [http-nio-8082-exec-1] DEBUG c.s.keepnote.aspectj.LoggingAspect -
				NoteController method  called
2019-10-15 11:17:12 [http-nio-8082-exec-1] INFO  c.s.keepnote.aspectj.LoggingAspect -
				createNote before called...
2019-10-15 11:17:12 [http-nio-8082-exec-1] INFO  c.s.k.controller.NoteController -
				note inside createNote: com.stackroute.keepnote.model.Note@3fe56e85
2019-10-15 11:17:12 [http-nio-8082-exec-1] INFO  c.s.keepnote.service.NoteService -
				Inside createNote null
2019-10-15 11:17:12 [http-nio-8082-exec-1] INFO  c.s.keepnote.service.NoteService -
				Inside if getNoteCreatedBy surendra
2019-10-15 11:17:12 [http-nio-8082-exec-1] INFO  c.s.keepnote.service.NoteService -
				Inside save null
2019-10-15 11:17:12 [http-nio-8082-exec-1] DEBUG c.s.keepnote.aspectj.LoggingAspect -
				Method Name : createNote
2019-10-15 11:17:12 [http-nio-8082-exec-1] DEBUG c.s.keepnote.aspectj.LoggingAspect -
				Method Name : createNote
2019-10-15 11:17:14 [http-nio-8082-exec-2] DEBUG c.s.keepnote.aspectj.LoggingAspect -
				NoteController method  called
2019-10-15 11:17:14 [http-nio-8082-exec-2] INFO  c.s.keepnote.aspectj.LoggingAspect -
				createNote before called...
2019-10-15 11:17:14 [http-nio-8082-exec-2] INFO  c.s.k.controller.NoteController -
				note inside createNote: com.stackroute.keepnote.model.Note@3b2fa461
2019-10-15 11:17:14 [http-nio-8082-exec-2] INFO  c.s.keepnote.service.NoteService -
				Inside createNote null
2019-10-15 11:17:14 [http-nio-8082-exec-2] INFO  c.s.keepnote.service.NoteService -
				Inside if getNoteCreatedBy surendra
2019-10-15 11:17:14 [http-nio-8082-exec-2] INFO  c.s.keepnote.service.NoteService -
				Inside save null
2019-10-15 11:17:14 [http-nio-8082-exec-2] DEBUG c.s.keepnote.aspectj.LoggingAspect -
				Method Name : createNote
2019-10-15 11:17:14 [http-nio-8082-exec-2] DEBUG c.s.keepnote.aspectj.LoggingAspect -
				Method Name : createNote
2019-10-15 11:18:24 [http-nio-8082-exec-4] DEBUG c.s.keepnote.aspectj.LoggingAspect -
				NoteController method  called
2019-10-15 11:18:24 [http-nio-8082-exec-4] INFO  c.s.keepnote.aspectj.LoggingAspect -
				getNoteByUserId before called...
2019-10-15 11:18:24 [http-nio-8082-exec-4] INFO  c.s.k.controller.NoteController -
				Inside getNoteByUserId surendra
2019-10-15 11:18:24 [http-nio-8082-exec-4] INFO  c.s.k.controller.NoteController -
				noteList: [com.stackroute.keepnote.model.Note@5f4b75a2, com.stackroute.keepnote.model.Note@4c4bd78b, com.stackroute.keepnote.model.Note@2d81fc88]
2019-10-15 11:18:24 [http-nio-8082-exec-4] DEBUG c.s.keepnote.aspectj.LoggingAspect -
				Method Name : getNoteByUserId
2019-10-15 11:18:24 [http-nio-8082-exec-4] DEBUG c.s.keepnote.aspectj.LoggingAspect -
				Method Name : getNoteByUserId
2019-10-15 11:18:33 [http-nio-8082-exec-5] DEBUG c.s.keepnote.aspectj.LoggingAspect -
				NoteController method  called
2019-10-15 11:18:33 [http-nio-8082-exec-5] INFO  c.s.keepnote.aspectj.LoggingAspect -
				getNoteByUserId before called...
2019-10-15 11:18:33 [http-nio-8082-exec-5] INFO  c.s.k.controller.NoteController -
				Inside getNoteByUserId surendra
2019-10-15 11:18:33 [http-nio-8082-exec-5] INFO  c.s.k.controller.NoteController -
				noteList: [com.stackroute.keepnote.model.Note@d277fc4, com.stackroute.keepnote.model.Note@46ea5a7c, com.stackroute.keepnote.model.Note@24c0e26f]
2019-10-15 11:18:33 [http-nio-8082-exec-5] DEBUG c.s.keepnote.aspectj.LoggingAspect -
				Method Name : getNoteByUserId
2019-10-15 11:18:33 [http-nio-8082-exec-5] DEBUG c.s.keepnote.aspectj.LoggingAspect -
				Method Name : getNoteByUserId
2019-10-15 11:19:09 [http-nio-8082-exec-7] DEBUG c.s.keepnote.aspectj.LoggingAspect -
				NoteController method  called
2019-10-15 11:19:09 [http-nio-8082-exec-7] INFO  c.s.keepnote.aspectj.LoggingAspect -
				getNoteByUserId before called...
2019-10-15 11:19:09 [http-nio-8082-exec-7] INFO  c.s.k.controller.NoteController -
				Inside getNoteByUserId surendra
2019-10-15 11:19:09 [http-nio-8082-exec-7] INFO  c.s.k.controller.NoteController -
				noteList: [com.stackroute.keepnote.model.Note@229b80b5, com.stackroute.keepnote.model.Note@1db7be32, com.stackroute.keepnote.model.Note@753fb13f]
2019-10-15 11:19:09 [http-nio-8082-exec-7] DEBUG c.s.keepnote.aspectj.LoggingAspect -
				Method Name : getNoteByUserId
2019-10-15 11:19:09 [http-nio-8082-exec-7] DEBUG c.s.keepnote.aspectj.LoggingAspect -
				Method Name : getNoteByUserId
2019-10-15 11:21:33 [http-nio-8082-exec-6] DEBUG c.s.keepnote.aspectj.LoggingAspect -
				NoteController method  called
2019-10-15 11:21:33 [http-nio-8082-exec-6] INFO  c.s.keepnote.aspectj.LoggingAspect -
				getNoteByUserId before called...
2019-10-15 11:21:33 [http-nio-8082-exec-6] INFO  c.s.k.controller.NoteController -
				Inside getNoteByUserId surendra
2019-10-15 11:21:33 [http-nio-8082-exec-6] INFO  c.s.k.controller.NoteController -
				noteList: [com.stackroute.keepnote.model.Note@795eae48, com.stackroute.keepnote.model.Note@6465e04e, com.stackroute.keepnote.model.Note@634ae9b]
2019-10-15 11:21:33 [http-nio-8082-exec-6] DEBUG c.s.keepnote.aspectj.LoggingAspect -
				Method Name : getNoteByUserId
2019-10-15 11:21:33 [http-nio-8082-exec-6] DEBUG c.s.keepnote.aspectj.LoggingAspect -
				Method Name : getNoteByUserId
2019-10-15 11:23:31 [http-nio-8082-exec-1] DEBUG c.s.keepnote.aspectj.LoggingAspect -
				NoteController method  called
2019-10-15 11:23:31 [http-nio-8082-exec-1] INFO  c.s.keepnote.aspectj.LoggingAspect -
				getNoteByUserId before called...
2019-10-15 11:23:31 [http-nio-8082-exec-1] INFO  c.s.k.controller.NoteController -
				Inside getNoteByUserId surendra
2019-10-15 11:23:31 [http-nio-8082-exec-1] INFO  c.s.k.controller.NoteController -
				noteList: [com.stackroute.keepnote.model.Note@17db8cc7, com.stackroute.keepnote.model.Note@2d498382, com.stackroute.keepnote.model.Note@39cc51e8]
2019-10-15 11:23:31 [http-nio-8082-exec-1] DEBUG c.s.keepnote.aspectj.LoggingAspect -
				Method Name : getNoteByUserId
2019-10-15 11:23:31 [http-nio-8082-exec-1] DEBUG c.s.keepnote.aspectj.LoggingAspect -
				Method Name : getNoteByUserId
2019-10-15 11:23:47 [http-nio-8082-exec-2] DEBUG c.s.keepnote.aspectj.LoggingAspect -
				NoteController method  called
2019-10-15 11:23:47 [http-nio-8082-exec-2] INFO  c.s.keepnote.aspectj.LoggingAspect -
				getNoteByUserId before called...
2019-10-15 11:23:47 [http-nio-8082-exec-2] INFO  c.s.k.controller.NoteController -
				Inside getNoteByUserId surendra
2019-10-15 11:23:47 [http-nio-8082-exec-2] INFO  c.s.k.controller.NoteController -
				noteList: [com.stackroute.keepnote.model.Note@22edbe1d, com.stackroute.keepnote.model.Note@5ecee94a, com.stackroute.keepnote.model.Note@1884525e]
2019-10-15 11:23:47 [http-nio-8082-exec-2] DEBUG c.s.keepnote.aspectj.LoggingAspect -
				Method Name : getNoteByUserId
2019-10-15 11:23:47 [http-nio-8082-exec-2] DEBUG c.s.keepnote.aspectj.LoggingAspect -
				Method Name : getNoteByUserId
2019-10-15 11:23:55 [http-nio-8082-exec-3] DEBUG c.s.keepnote.aspectj.LoggingAspect -
				NoteController method  called
2019-10-15 11:23:55 [http-nio-8082-exec-3] INFO  c.s.keepnote.aspectj.LoggingAspect -
				getNoteByUserId before called...
2019-10-15 11:23:55 [http-nio-8082-exec-3] INFO  c.s.k.controller.NoteController -
				Inside getNoteByUserId surendra
2019-10-15 11:23:55 [http-nio-8082-exec-3] INFO  c.s.k.controller.NoteController -
				noteList: [com.stackroute.keepnote.model.Note@22df46bb, com.stackroute.keepnote.model.Note@8b4d4d5, com.stackroute.keepnote.model.Note@5a468182]
2019-10-15 11:23:55 [http-nio-8082-exec-3] DEBUG c.s.keepnote.aspectj.LoggingAspect -
				Method Name : getNoteByUserId
2019-10-15 11:23:55 [http-nio-8082-exec-3] DEBUG c.s.keepnote.aspectj.LoggingAspect -
				Method Name : getNoteByUserId
2019-10-15 11:27:24 [http-nio-8082-exec-5] DEBUG c.s.keepnote.aspectj.LoggingAspect -
				NoteController method  called
2019-10-15 11:27:24 [http-nio-8082-exec-5] INFO  c.s.keepnote.aspectj.LoggingAspect -
				getNoteByUserId before called...
2019-10-15 11:27:24 [http-nio-8082-exec-5] INFO  c.s.k.controller.NoteController -
				Inside getNoteByUserId surendra
2019-10-15 11:27:24 [http-nio-8082-exec-5] INFO  c.s.k.controller.NoteController -
				noteList: [com.stackroute.keepnote.model.Note@434a0124, com.stackroute.keepnote.model.Note@75258fd6, com.stackroute.keepnote.model.Note@618812b4]
2019-10-15 11:27:24 [http-nio-8082-exec-5] DEBUG c.s.keepnote.aspectj.LoggingAspect -
				Method Name : getNoteByUserId
2019-10-15 11:27:24 [http-nio-8082-exec-5] DEBUG c.s.keepnote.aspectj.LoggingAspect -
				Method Name : getNoteByUserId
2019-10-15 12:01:07 [cluster-ClusterId{value='5da5a24dc1912f274107f48b', description='null'}-localhost:27017] INFO  org.mongodb.driver.cluster -
				Exception in monitor thread while connecting to server localhost:27017
com.mongodb.MongoSocketOpenException: Exception opening socket
	at com.mongodb.connection.SocketStream.open(SocketStream.java:62)
	at com.mongodb.connection.InternalStreamConnection.open(InternalStreamConnection.java:126)
	at com.mongodb.connection.DefaultServerMonitor$ServerMonitorRunnable.run(DefaultServerMonitor.java:128)
	at java.lang.Thread.run(Thread.java:748)
Caused by: java.net.ConnectException: Connection refused (Connection refused)
	at java.net.PlainSocketImpl.socketConnect(Native Method)
	at java.net.AbstractPlainSocketImpl.doConnect(AbstractPlainSocketImpl.java:350)
	at java.net.AbstractPlainSocketImpl.connectToAddress(AbstractPlainSocketImpl.java:206)
	at java.net.AbstractPlainSocketImpl.connect(AbstractPlainSocketImpl.java:188)
	at java.net.SocksSocketImpl.connect(SocksSocketImpl.java:392)
	at java.net.Socket.connect(Socket.java:589)
	at com.mongodb.connection.SocketStreamHelper.initialize(SocketStreamHelper.java:59)
	at com.mongodb.connection.SocketStream.open(SocketStream.java:57)
	... 3 common frames omitted
2019-10-15 12:01:07 [Thread-3] INFO  org.mongodb.driver.connection -
				Closed connection [connectionId{localValue:2, serverValue:7}] to localhost:27017 because there was a socket exception raised on another connection from this pool.
