2019-10-13 05:43:47 [main] INFO  c.s.keepnote.NoteServiceApplication -
				Starting NoteServiceApplication on ip-172-31-86-114 with PID 5966 (/home/ubuntu/Downloads/Backend/NoteService/target/classes started by ubuntu in /home/ubuntu/Downloads/Backend/NoteService)
2019-10-13 05:43:47 [main] DEBUG c.s.keepnote.NoteServiceApplication -
				Running with Spring Boot v2.0.2.RELEASE, Spring v5.0.6.RELEASE
2019-10-13 05:43:47 [main] INFO  c.s.keepnote.NoteServiceApplication -
				No active profile set, falling back to default profiles: default
2019-10-13 05:43:49 [main] INFO  o.a.catalina.core.StandardService -
				Starting service [Tomcat]
2019-10-13 05:43:49 [main] INFO  o.a.catalina.core.StandardEngine -
				Starting Servlet Engine: Apache Tomcat/8.5.31
2019-10-13 05:43:49 [localhost-startStop-1] INFO  o.a.c.core.AprLifecycleListener -
				The APR based Apache Tomcat Native library which allows optimal performance in production environments was not found on the java.library.path: [/usr/java/packages/lib/amd64:/usr/lib/x86_64-linux-gnu/jni:/lib/x86_64-linux-gnu:/usr/lib/x86_64-linux-gnu:/usr/lib/jni:/lib:/usr/lib]
2019-10-13 05:43:49 [localhost-startStop-1] INFO  o.a.c.c.C.[Tomcat].[localhost].[/] -
				Initializing Spring embedded WebApplicationContext
2019-10-13 05:43:49 [main] INFO  org.mongodb.driver.cluster -
				Cluster created with settings {hosts=[localhost:27017], mode=MULTIPLE, requiredClusterType=UNKNOWN, serverSelectionTimeout='30000 ms', maxWaitQueueSize=500}
2019-10-13 05:43:49 [main] INFO  org.mongodb.driver.cluster -
				Adding discovered server localhost:27017 to client view of cluster
2019-10-13 05:43:49 [cluster-ClusterId{value='5da2b995f8a065174e8ca6f6', description='null'}-localhost:27017] INFO  org.mongodb.driver.connection -
				Opened connection [connectionId{localValue:1, serverValue:5}] to localhost:27017
2019-10-13 05:43:49 [cluster-ClusterId{value='5da2b995f8a065174e8ca6f6', description='null'}-localhost:27017] INFO  org.mongodb.driver.cluster -
				Monitor thread successfully connected to server with description ServerDescription{address=localhost:27017, type=STANDALONE, state=CONNECTED, ok=true, version=ServerVersion{versionList=[3, 6, 2]}, minWireVersion=0, maxWireVersion=6, maxDocumentSize=16777216, logicalSessionTimeoutMinutes=30, roundTripTimeNanos=3523838}
2019-10-13 05:43:49 [cluster-ClusterId{value='5da2b995f8a065174e8ca6f6', description='null'}-localhost:27017] INFO  org.mongodb.driver.cluster -
				Discovered cluster type of STANDALONE
2019-10-13 05:43:50 [main] INFO  s.d.s.w.PropertySourcedRequestMappingHandlerMapping -
				Mapped URL path [/v2/api-docs] onto method [public org.springframework.http.ResponseEntity<springfox.documentation.spring.web.json.Json> springfox.documentation.swagger2.web.Swagger2Controller.getDocumentation(java.lang.String,javax.servlet.http.HttpServletRequest)]
2019-10-13 05:43:50 [main] INFO  s.d.s.w.p.DocumentationPluginsBootstrapper -
				Context refreshed
2019-10-13 05:43:50 [main] INFO  s.d.s.w.p.DocumentationPluginsBootstrapper -
				Found 1 custom documentation plugin(s)
2019-10-13 05:43:50 [main] INFO  s.d.s.w.s.ApiListingReferenceScanner -
				Scanning for api listing references
2019-10-13 05:43:51 [main] INFO  c.s.keepnote.NoteServiceApplication -
				Started NoteServiceApplication in 3.559 seconds (JVM running for 4.178)
2019-10-13 05:45:09 [http-nio-8082-exec-1] INFO  o.a.c.c.C.[Tomcat].[localhost].[/] -
				Initializing Spring FrameworkServlet 'dispatcherServlet'
2019-10-13 05:45:09 [http-nio-8082-exec-2] DEBUG c.s.keepnote.aspectj.LoggingAspect -
				NoteController method  called
2019-10-13 05:45:09 [http-nio-8082-exec-2] INFO  c.s.keepnote.aspectj.LoggingAspect -
				getNoteByUserId before called...
2019-10-13 05:45:09 [http-nio-8082-exec-2] INFO  c.s.k.controller.NoteController -
				Inside getNoteByUserId harish
2019-10-13 05:45:09 [http-nio-8082-exec-2] INFO  org.mongodb.driver.connection -
				Opened connection [connectionId{localValue:2, serverValue:7}] to localhost:27017
2019-10-13 05:45:09 [http-nio-8082-exec-2] INFO  c.s.k.controller.NoteController -
				noteList: [com.stackroute.keepnote.model.Note@600d8967]
2019-10-13 05:45:09 [http-nio-8082-exec-2] DEBUG c.s.keepnote.aspectj.LoggingAspect -
				Method Name : getNoteByUserId
2019-10-13 05:45:09 [http-nio-8082-exec-2] DEBUG c.s.keepnote.aspectj.LoggingAspect -
				Method Name : getNoteByUserId
2019-10-13 05:57:55 [http-nio-8082-exec-4] DEBUG c.s.keepnote.aspectj.LoggingAspect -
				NoteController method  called
2019-10-13 05:57:55 [http-nio-8082-exec-4] INFO  c.s.keepnote.aspectj.LoggingAspect -
				getNoteByUserId before called...
2019-10-13 05:57:55 [http-nio-8082-exec-4] INFO  c.s.k.controller.NoteController -
				Inside getNoteByUserId harish
2019-10-13 05:57:55 [http-nio-8082-exec-4] INFO  c.s.k.controller.NoteController -
				noteList: [com.stackroute.keepnote.model.Note@2c68e4d8]
2019-10-13 05:57:55 [http-nio-8082-exec-4] DEBUG c.s.keepnote.aspectj.LoggingAspect -
				Method Name : getNoteByUserId
2019-10-13 05:57:55 [http-nio-8082-exec-4] DEBUG c.s.keepnote.aspectj.LoggingAspect -
				Method Name : getNoteByUserId
2019-10-13 05:58:03 [http-nio-8082-exec-5] DEBUG c.s.keepnote.aspectj.LoggingAspect -
				NoteController method  called
2019-10-13 05:58:03 [http-nio-8082-exec-5] INFO  c.s.keepnote.aspectj.LoggingAspect -
				getNoteByUserId before called...
2019-10-13 05:58:03 [http-nio-8082-exec-5] INFO  c.s.k.controller.NoteController -
				Inside getNoteByUserId harish
2019-10-13 05:58:03 [http-nio-8082-exec-5] INFO  c.s.k.controller.NoteController -
				noteList: [com.stackroute.keepnote.model.Note@47dd1f8b]
2019-10-13 05:58:03 [http-nio-8082-exec-5] DEBUG c.s.keepnote.aspectj.LoggingAspect -
				Method Name : getNoteByUserId
2019-10-13 05:58:03 [http-nio-8082-exec-5] DEBUG c.s.keepnote.aspectj.LoggingAspect -
				Method Name : getNoteByUserId
2019-10-13 07:42:12 [http-nio-8082-exec-9] DEBUG c.s.keepnote.aspectj.LoggingAspect -
				NoteController method  called
2019-10-13 07:42:12 [http-nio-8082-exec-9] INFO  c.s.keepnote.aspectj.LoggingAspect -
				getNoteByUserId before called...
2019-10-13 07:42:12 [http-nio-8082-exec-9] INFO  c.s.k.controller.NoteController -
				Inside getNoteByUserId harish
2019-10-13 07:42:12 [http-nio-8082-exec-9] INFO  c.s.k.controller.NoteController -
				noteList: [com.stackroute.keepnote.model.Note@454125e9]
2019-10-13 07:42:12 [http-nio-8082-exec-9] DEBUG c.s.keepnote.aspectj.LoggingAspect -
				Method Name : getNoteByUserId
2019-10-13 07:42:12 [http-nio-8082-exec-9] DEBUG c.s.keepnote.aspectj.LoggingAspect -
				Method Name : getNoteByUserId
2019-10-13 07:45:45 [http-nio-8082-exec-8] DEBUG c.s.keepnote.aspectj.LoggingAspect -
				NoteController method  called
2019-10-13 07:45:45 [http-nio-8082-exec-8] INFO  c.s.keepnote.aspectj.LoggingAspect -
				getNoteByUserId before called...
2019-10-13 07:45:45 [http-nio-8082-exec-8] INFO  c.s.k.controller.NoteController -
				Inside getNoteByUserId harish
2019-10-13 07:45:45 [http-nio-8082-exec-8] INFO  c.s.k.controller.NoteController -
				noteList: [com.stackroute.keepnote.model.Note@56375d7b]
2019-10-13 07:45:45 [http-nio-8082-exec-8] DEBUG c.s.keepnote.aspectj.LoggingAspect -
				Method Name : getNoteByUserId
2019-10-13 07:45:45 [http-nio-8082-exec-8] DEBUG c.s.keepnote.aspectj.LoggingAspect -
				Method Name : getNoteByUserId
2019-10-13 07:46:00 [http-nio-8082-exec-1] DEBUG c.s.keepnote.aspectj.LoggingAspect -
				NoteController method  called
2019-10-13 07:46:00 [http-nio-8082-exec-1] INFO  c.s.keepnote.aspectj.LoggingAspect -
				getNoteByUserId before called...
2019-10-13 07:46:00 [http-nio-8082-exec-1] INFO  c.s.k.controller.NoteController -
				Inside getNoteByUserId harish
2019-10-13 07:46:00 [http-nio-8082-exec-1] INFO  c.s.k.controller.NoteController -
				noteList: [com.stackroute.keepnote.model.Note@5c5e4576]
2019-10-13 07:46:00 [http-nio-8082-exec-1] DEBUG c.s.keepnote.aspectj.LoggingAspect -
				Method Name : getNoteByUserId
2019-10-13 07:46:00 [http-nio-8082-exec-1] DEBUG c.s.keepnote.aspectj.LoggingAspect -
				Method Name : getNoteByUserId
2019-10-13 07:46:44 [RMI TCP Connection(2)-127.0.0.1] INFO  org.mongodb.driver.connection -
				Closed connection [connectionId{localValue:2, serverValue:7}] to localhost:27017 because the pool has been closed.
