2019-10-12 13:55:27 [main] INFO  c.s.keepnote.NoteServiceApplication -
				Starting NoteServiceApplication on ip-172-31-86-114 with PID 5804 (/home/ubuntu/Downloads/Backend/NoteService/target/classes started by ubuntu in /home/ubuntu/Downloads/Backend/NoteService)
2019-10-12 13:55:27 [main] DEBUG c.s.keepnote.NoteServiceApplication -
				Running with Spring Boot v2.0.2.RELEASE, Spring v5.0.6.RELEASE
2019-10-12 13:55:27 [main] INFO  c.s.keepnote.NoteServiceApplication -
				No active profile set, falling back to default profiles: default
2019-10-12 13:55:29 [main] INFO  o.a.catalina.core.StandardService -
				Starting service [Tomcat]
2019-10-12 13:55:29 [main] INFO  o.a.catalina.core.StandardEngine -
				Starting Servlet Engine: Apache Tomcat/8.5.31
2019-10-12 13:55:29 [localhost-startStop-1] INFO  o.a.c.core.AprLifecycleListener -
				The APR based Apache Tomcat Native library which allows optimal performance in production environments was not found on the java.library.path: [/usr/java/packages/lib/amd64:/usr/lib/x86_64-linux-gnu/jni:/lib/x86_64-linux-gnu:/usr/lib/x86_64-linux-gnu:/usr/lib/jni:/lib:/usr/lib]
2019-10-12 13:55:29 [localhost-startStop-1] INFO  o.a.c.c.C.[Tomcat].[localhost].[/] -
				Initializing Spring embedded WebApplicationContext
2019-10-12 13:55:30 [main] INFO  org.mongodb.driver.cluster -
				Cluster created with settings {hosts=[localhost:27017], mode=MULTIPLE, requiredClusterType=UNKNOWN, serverSelectionTimeout='30000 ms', maxWaitQueueSize=500}
2019-10-12 13:55:30 [main] INFO  org.mongodb.driver.cluster -
				Adding discovered server localhost:27017 to client view of cluster
2019-10-12 13:55:30 [cluster-ClusterId{value='5da1db5295d61316ac9a56e5', description='null'}-localhost:27017] INFO  org.mongodb.driver.connection -
				Opened connection [connectionId{localValue:1, serverValue:5}] to localhost:27017
2019-10-12 13:55:30 [cluster-ClusterId{value='5da1db5295d61316ac9a56e5', description='null'}-localhost:27017] INFO  org.mongodb.driver.cluster -
				Monitor thread successfully connected to server with description ServerDescription{address=localhost:27017, type=STANDALONE, state=CONNECTED, ok=true, version=ServerVersion{versionList=[3, 6, 2]}, minWireVersion=0, maxWireVersion=6, maxDocumentSize=16777216, logicalSessionTimeoutMinutes=30, roundTripTimeNanos=3035071}
2019-10-12 13:55:30 [cluster-ClusterId{value='5da1db5295d61316ac9a56e5', description='null'}-localhost:27017] INFO  org.mongodb.driver.cluster -
				Discovered cluster type of STANDALONE
2019-10-12 13:55:30 [main] INFO  s.d.s.w.PropertySourcedRequestMappingHandlerMapping -
				Mapped URL path [/v2/api-docs] onto method [public org.springframework.http.ResponseEntity<springfox.documentation.spring.web.json.Json> springfox.documentation.swagger2.web.Swagger2Controller.getDocumentation(java.lang.String,javax.servlet.http.HttpServletRequest)]
2019-10-12 13:55:31 [main] INFO  s.d.s.w.p.DocumentationPluginsBootstrapper -
				Context refreshed
2019-10-12 13:55:31 [main] INFO  s.d.s.w.p.DocumentationPluginsBootstrapper -
				Found 1 custom documentation plugin(s)
2019-10-12 13:55:31 [main] INFO  s.d.s.w.s.ApiListingReferenceScanner -
				Scanning for api listing references
2019-10-12 13:55:31 [main] INFO  c.s.keepnote.NoteServiceApplication -
				Started NoteServiceApplication in 3.91 seconds (JVM running for 4.555)
2019-10-12 13:58:49 [http-nio-8082-exec-1] INFO  o.a.c.c.C.[Tomcat].[localhost].[/] -
				Initializing Spring FrameworkServlet 'dispatcherServlet'
2019-10-12 13:58:49 [http-nio-8082-exec-3] DEBUG c.s.keepnote.aspectj.LoggingAspect -
				NoteController method  called
2019-10-12 13:58:49 [http-nio-8082-exec-3] INFO  c.s.keepnote.aspectj.LoggingAspect -
				getNoteByUserId before called...
2019-10-12 13:58:49 [http-nio-8082-exec-3] INFO  c.s.k.controller.NoteController -
				Inside getNoteByUserId 1
2019-10-12 13:58:49 [http-nio-8082-exec-3] INFO  org.mongodb.driver.connection -
				Opened connection [connectionId{localValue:2, serverValue:7}] to localhost:27017
2019-10-12 13:58:49 [http-nio-8082-exec-3] INFO  c.s.k.controller.NoteController -
				noteList: [com.stackroute.keepnote.model.Note@180ad080, com.stackroute.keepnote.model.Note@6c9d970b, com.stackroute.keepnote.model.Note@4fee867a, com.stackroute.keepnote.model.Note@7ed66dbf, com.stackroute.keepnote.model.Note@30962c35, com.stackroute.keepnote.model.Note@3033c0e3, com.stackroute.keepnote.model.Note@b555dc9, com.stackroute.keepnote.model.Note@46a37289, com.stackroute.keepnote.model.Note@47d509ec, com.stackroute.keepnote.model.Note@69cffd2d]
2019-10-12 13:58:49 [http-nio-8082-exec-3] DEBUG c.s.keepnote.aspectj.LoggingAspect -
				Method Name : getNoteByUserId
2019-10-12 13:58:49 [http-nio-8082-exec-3] DEBUG c.s.keepnote.aspectj.LoggingAspect -
				Method Name : getNoteByUserId
2019-10-12 14:05:44 [http-nio-8082-exec-5] DEBUG c.s.keepnote.aspectj.LoggingAspect -
				NoteController method  called
2019-10-12 14:05:44 [http-nio-8082-exec-5] INFO  c.s.keepnote.aspectj.LoggingAspect -
				getNoteByUserId before called...
2019-10-12 14:05:44 [http-nio-8082-exec-5] INFO  c.s.k.controller.NoteController -
				Inside getNoteByUserId 1
2019-10-12 14:05:44 [http-nio-8082-exec-5] INFO  c.s.k.controller.NoteController -
				noteList: [com.stackroute.keepnote.model.Note@1669c2ee, com.stackroute.keepnote.model.Note@60ea1a23, com.stackroute.keepnote.model.Note@6e984b71, com.stackroute.keepnote.model.Note@31de324b, com.stackroute.keepnote.model.Note@6978e82c, com.stackroute.keepnote.model.Note@59f3dc22, com.stackroute.keepnote.model.Note@759cc7ae, com.stackroute.keepnote.model.Note@3590ef3c, com.stackroute.keepnote.model.Note@1b07582a, com.stackroute.keepnote.model.Note@5c5295a4]
2019-10-12 14:05:44 [http-nio-8082-exec-5] DEBUG c.s.keepnote.aspectj.LoggingAspect -
				Method Name : getNoteByUserId
2019-10-12 14:05:44 [http-nio-8082-exec-5] DEBUG c.s.keepnote.aspectj.LoggingAspect -
				Method Name : getNoteByUserId
2019-10-12 14:40:25 [http-nio-8082-exec-8] DEBUG c.s.keepnote.aspectj.LoggingAspect -
				NoteController method  called
2019-10-12 14:40:25 [http-nio-8082-exec-8] INFO  c.s.keepnote.aspectj.LoggingAspect -
				createNote before called...
2019-10-12 14:40:25 [http-nio-8082-exec-8] INFO  c.s.k.controller.NoteController -
				note inside createNote: com.stackroute.keepnote.model.Note@2deb80e5
2019-10-12 14:40:25 [http-nio-8082-exec-8] INFO  c.s.keepnote.service.NoteService -
				Inside createNote sadasd
2019-10-12 14:40:25 [http-nio-8082-exec-8] INFO  c.s.keepnote.service.NoteService -
				Inside if getNoteCreatedBy 1
2019-10-12 14:40:25 [http-nio-8082-exec-8] INFO  c.s.keepnote.service.NoteService -
				Inside save sada
2019-10-12 14:40:25 [http-nio-8082-exec-8] DEBUG c.s.keepnote.aspectj.LoggingAspect -
				Method Name : createNote
2019-10-12 14:40:25 [http-nio-8082-exec-8] DEBUG c.s.keepnote.aspectj.LoggingAspect -
				Method Name : createNote
2019-10-12 14:40:27 [http-nio-8082-exec-9] DEBUG c.s.keepnote.aspectj.LoggingAspect -
				NoteController method  called
2019-10-12 14:40:27 [http-nio-8082-exec-9] INFO  c.s.keepnote.aspectj.LoggingAspect -
				getNoteByUserId before called...
2019-10-12 14:40:27 [http-nio-8082-exec-9] INFO  c.s.k.controller.NoteController -
				Inside getNoteByUserId 1
2019-10-12 14:40:27 [http-nio-8082-exec-9] INFO  c.s.k.controller.NoteController -
				noteList: [com.stackroute.keepnote.model.Note@36aac154, com.stackroute.keepnote.model.Note@386d39f1, com.stackroute.keepnote.model.Note@3c52aa24, com.stackroute.keepnote.model.Note@795033ca, com.stackroute.keepnote.model.Note@1990edd5, com.stackroute.keepnote.model.Note@48e3eda7, com.stackroute.keepnote.model.Note@61c96d15, com.stackroute.keepnote.model.Note@197fcc85, com.stackroute.keepnote.model.Note@79f743a, com.stackroute.keepnote.model.Note@50462fbb, com.stackroute.keepnote.model.Note@7acd4163]
2019-10-12 14:40:27 [http-nio-8082-exec-9] DEBUG c.s.keepnote.aspectj.LoggingAspect -
				Method Name : getNoteByUserId
2019-10-12 14:40:27 [http-nio-8082-exec-9] DEBUG c.s.keepnote.aspectj.LoggingAspect -
				Method Name : getNoteByUserId
2019-10-12 14:41:49 [http-nio-8082-exec-2] DEBUG c.s.keepnote.aspectj.LoggingAspect -
				NoteController method  called
2019-10-12 14:41:49 [http-nio-8082-exec-2] INFO  c.s.keepnote.aspectj.LoggingAspect -
				createNote before called...
2019-10-12 14:41:49 [http-nio-8082-exec-2] INFO  c.s.k.controller.NoteController -
				note inside createNote: com.stackroute.keepnote.model.Note@54262b4c
2019-10-12 14:41:49 [http-nio-8082-exec-2] INFO  c.s.keepnote.service.NoteService -
				Inside createNote bbbbbbb
2019-10-12 14:41:49 [http-nio-8082-exec-2] INFO  c.s.keepnote.service.NoteService -
				Inside if getNoteCreatedBy 1
2019-10-12 14:41:49 [http-nio-8082-exec-2] INFO  c.s.keepnote.service.NoteService -
				Inside save sbbb
2019-10-12 14:41:49 [http-nio-8082-exec-2] DEBUG c.s.keepnote.aspectj.LoggingAspect -
				Method Name : createNote
2019-10-12 14:41:49 [http-nio-8082-exec-2] DEBUG c.s.keepnote.aspectj.LoggingAspect -
				Method Name : createNote
2019-10-12 14:42:49 [http-nio-8082-exec-1] DEBUG c.s.keepnote.aspectj.LoggingAspect -
				NoteController method  called
2019-10-12 14:42:49 [http-nio-8082-exec-1] INFO  c.s.keepnote.aspectj.LoggingAspect -
				getNoteByUserId before called...
2019-10-12 14:42:49 [http-nio-8082-exec-1] INFO  c.s.k.controller.NoteController -
				Inside getNoteByUserId 1
2019-10-12 14:42:49 [http-nio-8082-exec-1] INFO  c.s.k.controller.NoteController -
				noteList: [com.stackroute.keepnote.model.Note@4a61eb72, com.stackroute.keepnote.model.Note@75b4e0f1, com.stackroute.keepnote.model.Note@18cb8b4e, com.stackroute.keepnote.model.Note@26d8124f, com.stackroute.keepnote.model.Note@6327479d, com.stackroute.keepnote.model.Note@31c69060, com.stackroute.keepnote.model.Note@7513fced, com.stackroute.keepnote.model.Note@133fd26a, com.stackroute.keepnote.model.Note@4a7d643f, com.stackroute.keepnote.model.Note@4f3db880, com.stackroute.keepnote.model.Note@2523d11e, com.stackroute.keepnote.model.Note@4862eb52]
2019-10-12 14:42:49 [http-nio-8082-exec-1] DEBUG c.s.keepnote.aspectj.LoggingAspect -
				Method Name : getNoteByUserId
2019-10-12 14:42:49 [http-nio-8082-exec-1] DEBUG c.s.keepnote.aspectj.LoggingAspect -
				Method Name : getNoteByUserId
2019-10-12 14:56:24 [http-nio-8082-exec-4] DEBUG c.s.keepnote.aspectj.LoggingAspect -
				NoteController method  called
2019-10-12 14:56:24 [http-nio-8082-exec-4] INFO  c.s.keepnote.aspectj.LoggingAspect -
				createNote before called...
2019-10-12 14:56:24 [http-nio-8082-exec-4] INFO  c.s.k.controller.NoteController -
				note inside createNote: com.stackroute.keepnote.model.Note@47dd1f8b
2019-10-12 14:56:24 [http-nio-8082-exec-4] INFO  c.s.keepnote.service.NoteService -
				Inside createNote harish notes
2019-10-12 14:56:24 [http-nio-8082-exec-4] INFO  c.s.keepnote.service.NoteService -
				Inside if getNoteCreatedBy 1
2019-10-12 14:56:24 [http-nio-8082-exec-4] INFO  c.s.keepnote.service.NoteService -
				Inside save harish
2019-10-12 14:56:24 [http-nio-8082-exec-4] DEBUG c.s.keepnote.aspectj.LoggingAspect -
				Method Name : createNote
2019-10-12 14:56:24 [http-nio-8082-exec-4] DEBUG c.s.keepnote.aspectj.LoggingAspect -
				Method Name : createNote
2019-10-12 14:57:34 [http-nio-8082-exec-6] DEBUG c.s.keepnote.aspectj.LoggingAspect -
				NoteController method  called
2019-10-12 14:57:34 [http-nio-8082-exec-6] INFO  c.s.keepnote.aspectj.LoggingAspect -
				getNoteByUserId before called...
2019-10-12 14:57:34 [http-nio-8082-exec-6] INFO  c.s.k.controller.NoteController -
				Inside getNoteByUserId 1
2019-10-12 14:57:34 [http-nio-8082-exec-6] INFO  c.s.k.controller.NoteController -
				noteList: [com.stackroute.keepnote.model.Note@763da7d5, com.stackroute.keepnote.model.Note@78fa4762, com.stackroute.keepnote.model.Note@7cc5cca5, com.stackroute.keepnote.model.Note@39c74d59, com.stackroute.keepnote.model.Note@22df46bb, com.stackroute.keepnote.model.Note@8b4d4d5, com.stackroute.keepnote.model.Note@5a468182, com.stackroute.keepnote.model.Note@59e8b216, com.stackroute.keepnote.model.Note@1dadd0e, com.stackroute.keepnote.model.Note@2fe6b39c, com.stackroute.keepnote.model.Note@41426d73, com.stackroute.keepnote.model.Note@5da60f4f, com.stackroute.keepnote.model.Note@a439b58]
2019-10-12 14:57:34 [http-nio-8082-exec-6] DEBUG c.s.keepnote.aspectj.LoggingAspect -
				Method Name : getNoteByUserId
2019-10-12 14:57:34 [http-nio-8082-exec-6] DEBUG c.s.keepnote.aspectj.LoggingAspect -
				Method Name : getNoteByUserId
2019-10-12 15:07:55 [http-nio-8082-exec-8] DEBUG c.s.keepnote.aspectj.LoggingAspect -
				NoteController method  called
2019-10-12 15:07:55 [http-nio-8082-exec-8] INFO  c.s.keepnote.aspectj.LoggingAspect -
				getNoteByUserId before called...
2019-10-12 15:07:55 [http-nio-8082-exec-8] INFO  c.s.k.controller.NoteController -
				Inside getNoteByUserId 1
2019-10-12 15:07:55 [http-nio-8082-exec-8] INFO  c.s.k.controller.NoteController -
				noteList: [com.stackroute.keepnote.model.Note@6e281cf8, com.stackroute.keepnote.model.Note@6346108a, com.stackroute.keepnote.model.Note@af30f8, com.stackroute.keepnote.model.Note@4c7682d, com.stackroute.keepnote.model.Note@2a267b91, com.stackroute.keepnote.model.Note@79b7fc1f, com.stackroute.keepnote.model.Note@662b21, com.stackroute.keepnote.model.Note@3fdfbd00, com.stackroute.keepnote.model.Note@263ca399, com.stackroute.keepnote.model.Note@60ade445, com.stackroute.keepnote.model.Note@5123f452, com.stackroute.keepnote.model.Note@135664cb, com.stackroute.keepnote.model.Note@50353d53]
2019-10-12 15:07:55 [http-nio-8082-exec-8] DEBUG c.s.keepnote.aspectj.LoggingAspect -
				Method Name : getNoteByUserId
2019-10-12 15:07:55 [http-nio-8082-exec-8] DEBUG c.s.keepnote.aspectj.LoggingAspect -
				Method Name : getNoteByUserId
2019-10-12 15:08:07 [http-nio-8082-exec-9] DEBUG c.s.keepnote.aspectj.LoggingAspect -
				NoteController method  called
2019-10-12 15:08:07 [http-nio-8082-exec-9] INFO  c.s.keepnote.aspectj.LoggingAspect -
				getNoteByUserId before called...
2019-10-12 15:08:07 [http-nio-8082-exec-9] INFO  c.s.k.controller.NoteController -
				Inside getNoteByUserId 1
2019-10-12 15:08:07 [http-nio-8082-exec-9] INFO  c.s.k.controller.NoteController -
				noteList: [com.stackroute.keepnote.model.Note@1d31b15b, com.stackroute.keepnote.model.Note@61f33863, com.stackroute.keepnote.model.Note@a9f811, com.stackroute.keepnote.model.Note@107f673e, com.stackroute.keepnote.model.Note@d4b703, com.stackroute.keepnote.model.Note@781ca75a, com.stackroute.keepnote.model.Note@373aa138, com.stackroute.keepnote.model.Note@5c976676, com.stackroute.keepnote.model.Note@795eae48, com.stackroute.keepnote.model.Note@6465e04e, com.stackroute.keepnote.model.Note@634ae9b, com.stackroute.keepnote.model.Note@6177ccfd, com.stackroute.keepnote.model.Note@6d570275]
2019-10-12 15:08:07 [http-nio-8082-exec-9] DEBUG c.s.keepnote.aspectj.LoggingAspect -
				Method Name : getNoteByUserId
2019-10-12 15:08:07 [http-nio-8082-exec-9] DEBUG c.s.keepnote.aspectj.LoggingAspect -
				Method Name : getNoteByUserId
2019-10-12 15:08:27 [http-nio-8082-exec-2] DEBUG c.s.keepnote.aspectj.LoggingAspect -
				NoteController method  called
2019-10-12 15:08:27 [http-nio-8082-exec-2] INFO  c.s.keepnote.aspectj.LoggingAspect -
				deleteNote before called...
2019-10-12 15:08:27 [http-nio-8082-exec-2] INFO  c.s.k.controller.NoteController -
				Inside delet note
2019-10-12 15:08:27 [http-nio-8082-exec-2] DEBUG c.s.keepnote.aspectj.LoggingAspect -
				Method Name : deleteNote
2019-10-12 15:08:27 [http-nio-8082-exec-2] DEBUG c.s.keepnote.aspectj.LoggingAspect -
				Method Name : deleteNote
2019-10-12 15:13:19 [http-nio-8082-exec-4] DEBUG c.s.keepnote.aspectj.LoggingAspect -
				NoteController method  called
2019-10-12 15:13:19 [http-nio-8082-exec-4] INFO  c.s.keepnote.aspectj.LoggingAspect -
				getNoteByUserId before called...
2019-10-12 15:13:19 [http-nio-8082-exec-4] INFO  c.s.k.controller.NoteController -
				Inside getNoteByUserId harish
2019-10-12 15:13:19 [http-nio-8082-exec-4] DEBUG c.s.keepnote.aspectj.LoggingAspect -
				Method Name : getNoteByUserId
2019-10-12 15:13:19 [http-nio-8082-exec-4] DEBUG c.s.keepnote.aspectj.LoggingAspect -
				Method Name : getNoteByUserId
2019-10-12 15:13:19 [http-nio-8082-exec-4] DEBUG c.s.keepnote.aspectj.LoggingAspect -
				Exception : java.util.NoSuchElementException: No value present
2019-10-12 15:13:19 [http-nio-8082-exec-4] ERROR o.a.c.c.C.[.[.[.[dispatcherServlet] -
				Servlet.service() for servlet [dispatcherServlet] in context with path [] threw exception [Request processing failed; nested exception is java.util.NoSuchElementException: No value present] with root cause
java.util.NoSuchElementException: No value present
	at java.util.Optional.get(Optional.java:135)
	at com.stackroute.keepnote.service.NoteServiceImpl.getAllNoteByUserId(NoteServiceImpl.java:206)
	at com.stackroute.keepnote.controller.NoteController.getNoteByUserId(NoteController.java:153)
	at com.stackroute.keepnote.controller.NoteController$$FastClassBySpringCGLIB$$fe60d249.invoke(<generated>)
	at org.springframework.cglib.proxy.MethodProxy.invoke(MethodProxy.java:204)
	at org.springframework.aop.framework.CglibAopProxy$CglibMethodInvocation.invokeJoinpoint(CglibAopProxy.java:746)
	at org.springframework.aop.framework.ReflectiveMethodInvocation.proceed(ReflectiveMethodInvocation.java:163)
	at org.springframework.aop.framework.adapter.MethodBeforeAdviceInterceptor.invoke(MethodBeforeAdviceInterceptor.java:52)
	at org.springframework.aop.framework.ReflectiveMethodInvocation.proceed(ReflectiveMethodInvocation.java:185)
	at org.springframework.aop.framework.adapter.MethodBeforeAdviceInterceptor.invoke(MethodBeforeAdviceInterceptor.java:52)
	at org.springframework.aop.framework.ReflectiveMethodInvocation.proceed(ReflectiveMethodInvocation.java:185)
	at org.springframework.aop.aspectj.AspectJAfterAdvice.invoke(AspectJAfterAdvice.java:47)
	at org.springframework.aop.framework.ReflectiveMethodInvocation.proceed(ReflectiveMethodInvocation.java:185)
	at org.springframework.aop.framework.adapter.AfterReturningAdviceInterceptor.invoke(AfterReturningAdviceInterceptor.java:52)
	at org.springframework.aop.framework.ReflectiveMethodInvocation.proceed(ReflectiveMethodInvocation.java:185)
	at org.springframework.aop.aspectj.AspectJAfterThrowingAdvice.invoke(AspectJAfterThrowingAdvice.java:62)
	at org.springframework.aop.framework.ReflectiveMethodInvocation.proceed(ReflectiveMethodInvocation.java:185)
	at org.springframework.aop.interceptor.ExposeInvocationInterceptor.invoke(ExposeInvocationInterceptor.java:92)
	at org.springframework.aop.framework.ReflectiveMethodInvocation.proceed(ReflectiveMethodInvocation.java:185)
	at org.springframework.aop.framework.CglibAopProxy$DynamicAdvisedInterceptor.intercept(CglibAopProxy.java:688)
	at com.stackroute.keepnote.controller.NoteController$$EnhancerBySpringCGLIB$$5d8c60cf.getNoteByUserId(<generated>)
	at sun.reflect.NativeMethodAccessorImpl.invoke0(Native Method)
	at sun.reflect.NativeMethodAccessorImpl.invoke(NativeMethodAccessorImpl.java:62)
	at sun.reflect.DelegatingMethodAccessorImpl.invoke(DelegatingMethodAccessorImpl.java:43)
	at java.lang.reflect.Method.invoke(Method.java:498)
	at org.springframework.web.method.support.InvocableHandlerMethod.doInvoke(InvocableHandlerMethod.java:209)
	at org.springframework.web.method.support.InvocableHandlerMethod.invokeForRequest(InvocableHandlerMethod.java:136)
	at org.springframework.web.servlet.mvc.method.annotation.ServletInvocableHandlerMethod.invokeAndHandle(ServletInvocableHandlerMethod.java:102)
	at org.springframework.web.servlet.mvc.method.annotation.RequestMappingHandlerAdapter.invokeHandlerMethod(RequestMappingHandlerAdapter.java:877)
	at org.springframework.web.servlet.mvc.method.annotation.RequestMappingHandlerAdapter.handleInternal(RequestMappingHandlerAdapter.java:783)
	at org.springframework.web.servlet.mvc.method.AbstractHandlerMethodAdapter.handle(AbstractHandlerMethodAdapter.java:87)
	at org.springframework.web.servlet.DispatcherServlet.doDispatch(DispatcherServlet.java:991)
	at org.springframework.web.servlet.DispatcherServlet.doService(DispatcherServlet.java:925)
	at org.springframework.web.servlet.FrameworkServlet.processRequest(FrameworkServlet.java:974)
	at org.springframework.web.servlet.FrameworkServlet.doGet(FrameworkServlet.java:866)
	at javax.servlet.http.HttpServlet.service(HttpServlet.java:635)
	at org.springframework.web.servlet.FrameworkServlet.service(FrameworkServlet.java:851)
	at javax.servlet.http.HttpServlet.service(HttpServlet.java:742)
	at org.apache.catalina.core.ApplicationFilterChain.internalDoFilter(ApplicationFilterChain.java:231)
	at org.apache.catalina.core.ApplicationFilterChain.doFilter(ApplicationFilterChain.java:166)
	at org.apache.tomcat.websocket.server.WsFilter.doFilter(WsFilter.java:52)
	at org.apache.catalina.core.ApplicationFilterChain.internalDoFilter(ApplicationFilterChain.java:193)
	at org.apache.catalina.core.ApplicationFilterChain.doFilter(ApplicationFilterChain.java:166)
	at org.springframework.web.filter.RequestContextFilter.doFilterInternal(RequestContextFilter.java:99)
	at org.springframework.web.filter.OncePerRequestFilter.doFilter(OncePerRequestFilter.java:107)
	at org.apache.catalina.core.ApplicationFilterChain.internalDoFilter(ApplicationFilterChain.java:193)
	at org.apache.catalina.core.ApplicationFilterChain.doFilter(ApplicationFilterChain.java:166)
	at org.springframework.web.filter.HttpPutFormContentFilter.doFilterInternal(HttpPutFormContentFilter.java:109)
	at org.springframework.web.filter.OncePerRequestFilter.doFilter(OncePerRequestFilter.java:107)
	at org.apache.catalina.core.ApplicationFilterChain.internalDoFilter(ApplicationFilterChain.java:193)
	at org.apache.catalina.core.ApplicationFilterChain.doFilter(ApplicationFilterChain.java:166)
	at org.springframework.web.filter.HiddenHttpMethodFilter.doFilterInternal(HiddenHttpMethodFilter.java:81)
	at org.springframework.web.filter.OncePerRequestFilter.doFilter(OncePerRequestFilter.java:107)
	at org.apache.catalina.core.ApplicationFilterChain.internalDoFilter(ApplicationFilterChain.java:193)
	at org.apache.catalina.core.ApplicationFilterChain.doFilter(ApplicationFilterChain.java:166)
	at org.springframework.web.filter.CharacterEncodingFilter.doFilterInternal(CharacterEncodingFilter.java:200)
	at org.springframework.web.filter.OncePerRequestFilter.doFilter(OncePerRequestFilter.java:107)
	at org.apache.catalina.core.ApplicationFilterChain.internalDoFilter(ApplicationFilterChain.java:193)
	at org.apache.catalina.core.ApplicationFilterChain.doFilter(ApplicationFilterChain.java:166)
	at org.apache.catalina.core.StandardWrapperValve.invoke(StandardWrapperValve.java:198)
	at org.apache.catalina.core.StandardContextValve.invoke(StandardContextValve.java:96)
	at org.apache.catalina.authenticator.AuthenticatorBase.invoke(AuthenticatorBase.java:496)
	at org.apache.catalina.core.StandardHostValve.invoke(StandardHostValve.java:140)
	at org.apache.catalina.valves.ErrorReportValve.invoke(ErrorReportValve.java:81)
	at org.apache.catalina.core.StandardEngineValve.invoke(StandardEngineValve.java:87)
	at org.apache.catalina.connector.CoyoteAdapter.service(CoyoteAdapter.java:342)
	at org.apache.coyote.http11.Http11Processor.service(Http11Processor.java:803)
	at org.apache.coyote.AbstractProcessorLight.process(AbstractProcessorLight.java:66)
	at org.apache.coyote.AbstractProtocol$ConnectionHandler.process(AbstractProtocol.java:790)
	at org.apache.tomcat.util.net.NioEndpoint$SocketProcessor.doRun(NioEndpoint.java:1468)
	at org.apache.tomcat.util.net.SocketProcessorBase.run(SocketProcessorBase.java:49)
	at java.util.concurrent.ThreadPoolExecutor.runWorker(ThreadPoolExecutor.java:1149)
	at java.util.concurrent.ThreadPoolExecutor$Worker.run(ThreadPoolExecutor.java:624)
	at org.apache.tomcat.util.threads.TaskThread$WrappingRunnable.run(TaskThread.java:61)
	at java.lang.Thread.run(Thread.java:748)
2019-10-12 15:13:45 [http-nio-8082-exec-6] DEBUG c.s.keepnote.aspectj.LoggingAspect -
				NoteController method  called
2019-10-12 15:13:45 [http-nio-8082-exec-6] INFO  c.s.keepnote.aspectj.LoggingAspect -
				getNoteByUserId before called...
2019-10-12 15:13:45 [http-nio-8082-exec-6] INFO  c.s.k.controller.NoteController -
				Inside getNoteByUserId 1
2019-10-12 15:13:45 [http-nio-8082-exec-6] INFO  c.s.k.controller.NoteController -
				noteList: [com.stackroute.keepnote.model.Note@1023a3df, com.stackroute.keepnote.model.Note@42d86d5d, com.stackroute.keepnote.model.Note@2f69ce3e, com.stackroute.keepnote.model.Note@396609d0, com.stackroute.keepnote.model.Note@34d67878, com.stackroute.keepnote.model.Note@35e5493a, com.stackroute.keepnote.model.Note@549c7986, com.stackroute.keepnote.model.Note@5d3dc24c, com.stackroute.keepnote.model.Note@5aaf642b, com.stackroute.keepnote.model.Note@459c4add, com.stackroute.keepnote.model.Note@72fb5ba1, com.stackroute.keepnote.model.Note@4167d810]
2019-10-12 15:13:45 [http-nio-8082-exec-6] DEBUG c.s.keepnote.aspectj.LoggingAspect -
				Method Name : getNoteByUserId
2019-10-12 15:13:45 [http-nio-8082-exec-6] DEBUG c.s.keepnote.aspectj.LoggingAspect -
				Method Name : getNoteByUserId
2019-10-12 15:16:37 [http-nio-8082-exec-8] DEBUG c.s.keepnote.aspectj.LoggingAspect -
				NoteController method  called
2019-10-12 15:16:37 [http-nio-8082-exec-8] INFO  c.s.keepnote.aspectj.LoggingAspect -
				getNoteByUserId before called...
2019-10-12 15:16:37 [http-nio-8082-exec-8] INFO  c.s.k.controller.NoteController -
				Inside getNoteByUserId 1
2019-10-12 15:16:37 [http-nio-8082-exec-8] INFO  c.s.k.controller.NoteController -
				noteList: [com.stackroute.keepnote.model.Note@5fb564dc, com.stackroute.keepnote.model.Note@11fa9a1c, com.stackroute.keepnote.model.Note@31aad4d4, com.stackroute.keepnote.model.Note@480ca817, com.stackroute.keepnote.model.Note@3cebb64e, com.stackroute.keepnote.model.Note@7904e1b5, com.stackroute.keepnote.model.Note@1e6f8635, com.stackroute.keepnote.model.Note@330ec9ff, com.stackroute.keepnote.model.Note@52364016, com.stackroute.keepnote.model.Note@ce11aac, com.stackroute.keepnote.model.Note@6e5d6b2b, com.stackroute.keepnote.model.Note@2bd9062e]
2019-10-12 15:16:37 [http-nio-8082-exec-8] DEBUG c.s.keepnote.aspectj.LoggingAspect -
				Method Name : getNoteByUserId
2019-10-12 15:16:37 [http-nio-8082-exec-8] DEBUG c.s.keepnote.aspectj.LoggingAspect -
				Method Name : getNoteByUserId
2019-10-12 15:49:05 [Thread-3] WARN  org.mongodb.driver.connection -
				Got socket exception on connection [connectionId{localValue:2, serverValue:7}] to localhost:27017. All connections to localhost:27017 will be closed.
2019-10-12 15:49:05 [cluster-ClusterId{value='5da1db5295d61316ac9a56e5', description='null'}-localhost:27017] INFO  org.mongodb.driver.cluster -
				Exception in monitor thread while connecting to server localhost:27017
com.mongodb.MongoSocketOpenException: Exception opening socket
	at com.mongodb.connection.SocketStream.open(SocketStream.java:62)
	at com.mongodb.connection.InternalStreamConnection.open(InternalStreamConnection.java:126)
	at com.mongodb.connection.DefaultServerMonitor$ServerMonitorRunnable.run(DefaultServerMonitor.java:128)
	at java.lang.Thread.run(Thread.java:748)
Caused by: java.net.ConnectException: Connection refused (Connection refused)
	at java.net.PlainSocketImpl.socketConnect(Native Method)
	at java.net.AbstractPlainSocketImpl.doConnect(AbstractPlainSocketImpl.java:350)
	at java.net.AbstractPlainSocketImpl.connectToAddress(AbstractPlainSocketImpl.java:206)
	at java.net.AbstractPlainSocketImpl.connect(AbstractPlainSocketImpl.java:188)
	at java.net.SocksSocketImpl.connect(SocksSocketImpl.java:392)
	at java.net.Socket.connect(Socket.java:589)
	at com.mongodb.connection.SocketStreamHelper.initialize(SocketStreamHelper.java:59)
	at com.mongodb.connection.SocketStream.open(SocketStream.java:57)
	... 3 common frames omitted
2019-10-12 15:49:05 [Thread-3] INFO  org.mongodb.driver.connection -
				Closed connection [connectionId{localValue:2, serverValue:7}] to localhost:27017 because there was a socket exception raised by this connection.
