2019-10-13 07:55:07 [main] INFO  c.s.k.t.r.ReminderRepositoryTest -
				Starting ReminderRepositoryTest on ip-172-31-86-114 with PID 14162 (started by ubuntu in /home/ubuntu/Downloads/Backend/ReminderService)
2019-10-13 07:55:07 [main] DEBUG c.s.k.t.r.ReminderRepositoryTest -
				Running with Spring Boot v2.0.2.RELEASE, Spring v5.0.6.RELEASE
2019-10-13 07:55:07 [main] INFO  c.s.k.t.r.ReminderRepositoryTest -
				No active profile set, falling back to default profiles: default
2019-10-13 07:55:08 [main] INFO  d.f.embed.process.runtime.Executable -
				start de.flapdoodle.embed.mongo.config.MongodConfigBuilder$ImmutableMongodConfig@16afbd92
2019-10-13 07:55:09 [main] INFO  org.mongodb.driver.cluster -
				Cluster created with settings {hosts=[localhost:39377], mode=MULTIPLE, requiredClusterType=UNKNOWN, serverSelectionTimeout='30000 ms', maxWaitQueueSize=500}
2019-10-13 07:55:09 [main] INFO  org.mongodb.driver.cluster -
				Adding discovered server localhost:39377 to client view of cluster
2019-10-13 07:55:09 [cluster-ClusterId{value='5da2d85df8a06537527f1ced', description='null'}-localhost:39377] INFO  org.mongodb.driver.connection -
				Opened connection [connectionId{localValue:1, serverValue:1}] to localhost:39377
2019-10-13 07:55:09 [cluster-ClusterId{value='5da2d85df8a06537527f1ced', description='null'}-localhost:39377] INFO  org.mongodb.driver.cluster -
				Monitor thread successfully connected to server with description ServerDescription{address=localhost:39377, type=STANDALONE, state=CONNECTED, ok=true, version=ServerVersion{versionList=[3, 2, 2]}, minWireVersion=0, maxWireVersion=4, maxDocumentSize=16777216, logicalSessionTimeoutMinutes=null, roundTripTimeNanos=1477178}
2019-10-13 07:55:09 [cluster-ClusterId{value='5da2d85df8a06537527f1ced', description='null'}-localhost:39377] INFO  org.mongodb.driver.cluster -
				Discovered cluster type of STANDALONE
2019-10-13 07:55:09 [main] INFO  c.s.k.t.r.ReminderRepositoryTest -
				Started ReminderRepositoryTest in 2.722 seconds (JVM running for 3.952)
2019-10-13 07:55:10 [main] INFO  org.mongodb.driver.connection -
				Opened connection [connectionId{localValue:2, serverValue:2}] to localhost:39377
2019-10-13 07:55:10 [main] INFO  c.s.keepnote.test.log.LoggerTest -
				Starting LoggerTest on ip-172-31-86-114 with PID 14162 (started by ubuntu in /home/ubuntu/Downloads/Backend/ReminderService)
2019-10-13 07:55:10 [main] DEBUG c.s.keepnote.test.log.LoggerTest -
				Running with Spring Boot v2.0.2.RELEASE, Spring v5.0.6.RELEASE
2019-10-13 07:55:10 [main] INFO  c.s.keepnote.test.log.LoggerTest -
				No active profile set, falling back to default profiles: default
2019-10-13 07:55:12 [main] INFO  d.f.embed.process.runtime.Executable -
				start de.flapdoodle.embed.mongo.config.MongodConfigBuilder$ImmutableMongodConfig@231cdda8
2019-10-13 07:55:12 [main] INFO  org.mongodb.driver.cluster -
				Cluster created with settings {hosts=[localhost:34181], mode=MULTIPLE, requiredClusterType=UNKNOWN, serverSelectionTimeout='30000 ms', maxWaitQueueSize=500}
2019-10-13 07:55:12 [main] INFO  org.mongodb.driver.cluster -
				Adding discovered server localhost:34181 to client view of cluster
2019-10-13 07:55:12 [cluster-ClusterId{value='5da2d860f8a06537527f1cee', description='null'}-localhost:34181] INFO  org.mongodb.driver.connection -
				Opened connection [connectionId{localValue:3, serverValue:1}] to localhost:34181
2019-10-13 07:55:12 [cluster-ClusterId{value='5da2d860f8a06537527f1cee', description='null'}-localhost:34181] INFO  org.mongodb.driver.cluster -
				Monitor thread successfully connected to server with description ServerDescription{address=localhost:34181, type=STANDALONE, state=CONNECTED, ok=true, version=ServerVersion{versionList=[3, 2, 2]}, minWireVersion=0, maxWireVersion=4, maxDocumentSize=16777216, logicalSessionTimeoutMinutes=null, roundTripTimeNanos=414567}
2019-10-13 07:55:12 [cluster-ClusterId{value='5da2d860f8a06537527f1cee', description='null'}-localhost:34181] INFO  org.mongodb.driver.cluster -
				Discovered cluster type of STANDALONE
2019-10-13 07:55:12 [main] INFO  s.d.s.w.PropertySourcedRequestMappingHandlerMapping -
				Mapped URL path [/v2/api-docs] onto method [public org.springframework.http.ResponseEntity<springfox.documentation.spring.web.json.Json> springfox.documentation.swagger2.web.Swagger2Controller.getDocumentation(java.lang.String,javax.servlet.http.HttpServletRequest)]
2019-10-13 07:55:13 [main] INFO  s.d.s.w.p.DocumentationPluginsBootstrapper -
				Context refreshed
2019-10-13 07:55:13 [main] INFO  s.d.s.w.p.DocumentationPluginsBootstrapper -
				Found 1 custom documentation plugin(s)
2019-10-13 07:55:13 [main] INFO  s.d.s.w.s.ApiListingReferenceScanner -
				Scanning for api listing references
2019-10-13 07:55:13 [main] INFO  c.s.keepnote.test.log.LoggerTest -
				Started LoggerTest in 3.188 seconds (JVM running for 7.872)
2019-10-13 07:55:13 [main] INFO  c.s.k.t.c.ReminderControllerTest -
				Starting ReminderControllerTest on ip-172-31-86-114 with PID 14162 (started by ubuntu in /home/ubuntu/Downloads/Backend/ReminderService)
2019-10-13 07:55:13 [main] DEBUG c.s.k.t.c.ReminderControllerTest -
				Running with Spring Boot v2.0.2.RELEASE, Spring v5.0.6.RELEASE
2019-10-13 07:55:13 [main] INFO  c.s.k.t.c.ReminderControllerTest -
				No active profile set, falling back to default profiles: default
2019-10-13 07:55:14 [main] INFO  c.s.k.t.c.ReminderControllerTest -
				Started ReminderControllerTest in 0.452 seconds (JVM running for 8.386)
2019-10-13 07:55:14 [Thread-5] INFO  org.mongodb.driver.connection -
				Closed connection [connectionId{localValue:2, serverValue:2}] to localhost:39377 because the pool has been closed.
2019-10-13 07:55:14 [Thread-2] INFO  d.f.e.process.runtime.ProcessControl -
				stopOrDestroyProcess: process hasn't exited 
